#
# A fatal error has been detected by the Java Runtime Environment:
#
#  EXCEPTION_ACCESS_VIOLATION (0xc0000005) at pc=0x00007ffe23075600, pid=13356, tid=10616
#
# JRE version: OpenJDK Runtime Environment Zulu15.44+13-CA (15.0.9+5) (build 15.0.9+5-MTS)
# Java VM: OpenJDK 64-Bit Server VM Zulu15.44+13-CA (15.0.9+5-MTS, mixed mode, sharing, tiered, compressed oops, g1 gc, windows-amd64)
# Problematic frame:
# V  [jvm.dll+0x315600]
#
# No core dump will be written. Minidumps are not enabled by default on client versions of Windows
#
# If you would like to submit a bug report, please visit:
#   http://www.azul.com/support/
#

---------------  S U M M A R Y ------------

Command Line: --add-opens=java.base/java.util=ALL-UNNAMED --add-opens=java.base/java.lang=ALL-UNNAMED --add-opens=java.base/java.lang.invoke=ALL-UNNAMED --add-opens=java.base/java.util=ALL-UNNAMED --add-opens=java.prefs/java.util.prefs=ALL-UNNAMED --add-opens=java.prefs/java.util.prefs=ALL-UNNAMED --add-opens=java.base/java.nio.charset=ALL-UNNAMED --add-opens=java.base/java.net=ALL-UNNAMED --add-opens=java.base/java.util.concurrent.atomic=ALL-UNNAMED -XX:MaxMetaspaceSize=256m -XX:+HeapDumpOnOutOfMemoryError -Xms256m -Xmx512m -Dfile.encoding=windows-1251 -Duser.country=RU -Duser.language=ru -Duser.variant org.gradle.launcher.daemon.bootstrap.GradleDaemon 7.4

Host: Intel(R) Core(TM) i5-4430 CPU @ 3.00GHz, 4 cores, 5G,  Windows 10 , 64 bit Build 19041 (10.0.19041.2251)
Time: Wed Nov 23 20:49:19 2022 RTZ 2 (зима) elapsed time: 4867.867295 seconds (0d 1h 21m 7s)

---------------  T H R E A D  ---------------

Current thread (0x00000206d36bc050):  JavaThread "C2 CompilerThread1" daemon [_thread_in_native, id=10616, stack(0x000000265af00000,0x000000265b000000)]


Current CompileTask:
C2:4867867 15402       4       org.objectweb.asm.ClassReader::accept (1412 bytes)

Stack: [0x000000265af00000,0x000000265b000000],  sp=0x000000265affbf00,  free space=1007k
Native frames: (J=compiled Java code, j=interpreted, Vv=VM code, C=native code)
V  [jvm.dll+0x315600]
V  [jvm.dll+0x30ee94]
V  [jvm.dll+0x178cad]
V  [jvm.dll+0x1d23dd]
V  [jvm.dll+0x1d1738]
V  [jvm.dll+0x1646e7]
V  [jvm.dll+0x1e05b4]
V  [jvm.dll+0x1de6fb]
V  [jvm.dll+0x7648fd]
V  [jvm.dll+0x75d7fa]
V  [jvm.dll+0x5ff116]
C  [ucrtbase.dll+0x21bb2]
C  [KERNEL32.DLL+0x174b4]
C  [ntdll.dll+0x526a1]


siginfo: EXCEPTION_ACCESS_VIOLATION (0xc0000005), reading address 0x00000206c5615d60


Register to memory mapping:

RIP=0x00007ffe23075600 jvm.dll
RAX=0x0 is NULL
RBX=0x000000000000000d is an unknown value
RCX=0x0 is NULL
RDX=0x0000000000000008 is an unknown value
RSP=0x000000265affbf00 is pointing into the stack for thread: 0x00000206d36bc050
RBP=0x0000000000000008 is an unknown value
RSI=0x00007ffe238194a0 jvm.dll
RDI=0x00000206d157a1b0 points into unknown readable memory: 0x00000206d1579780 | 80 97 57 d1 06 02 00 00
R8 =0x00000206c5615d60 is an unknown value
R9 =0x00000206d90c7780 points into unknown readable memory: 0x0000000000000000 | 00 00 00 00 00 00 00 00
R10=0x000000265affbf30 is pointing into the stack for thread: 0x00000206d36bc050
R11=0x000000000000000d is an unknown value
R12=0x0 is NULL
R13=0x00000000000003d8 is an unknown value
R14=0x0000000000000016 is an unknown value
R15=0x00007ffe238194a0 jvm.dll


Registers:
RAX=0x0000000000000000, RBX=0x000000000000000d, RCX=0x0000000000000000, RDX=0x0000000000000008
RSP=0x000000265affbf00, RBP=0x0000000000000008, RSI=0x00007ffe238194a0, RDI=0x00000206d157a1b0
R8 =0x00000206c5615d60, R9 =0x00000206d90c7780, R10=0x000000265affbf30, R11=0x000000000000000d
R12=0x0000000000000000, R13=0x00000000000003d8, R14=0x0000000000000016, R15=0x00007ffe238194a0
RIP=0x00007ffe23075600, EFLAGS=0x0000000000010246

Top of Stack: (sp=0x000000265affbf00)
0x000000265affbf00:   00000206dba95590 00007ffe2306ee94
0x000000265affbf10:   000000265affc040 0000000000002a56
0x000000265affbf20:   0000000000002a56 00000206d2aa6e40
0x000000265affbf30:   0000000000000000 0000000000000008
0x000000265affbf40:   000002060000002b 00000206c5615d60
0x000000265affbf50:   00000206d5579450 00000206dbbb9610
0x000000265affbf60:   00000206d2fa2bb8 0000000000000000
0x000000265affbf70:   000000265affc080 00007ffe22ed8cad
0x000000265affbf80:   000000265affc3e0 000000265affc4c0
0x000000265affbf90:   00000206d2fa27e0 00000206d2fa27d0
0x000000265affbfa0:   0000000000000000 000000000000e4d0
0x000000265affbfb0:   0000002600000006 00000206d2fa27d0
0x000000265affbfc0:   00000206d90c5d80 00000206d90c7d70
0x000000265affbfd0:   00000206d90cdd68 0000000000ec7dc8
0x000000265affbfe0:   0000000000000000 0000000000000000
0x000000265affbff0:   000000000000e4d0 0000000000000000 

Instructions: (pc=0x00007ffe23075600)
0x00007ffe23075500:   41 b9 08 00 00 00 48 8b 08 48 89 8d 30 08 00 00
0x00007ffe23075510:   33 c9 48 89 08 48 89 48 08 48 89 48 10 48 89 48
0x00007ffe23075520:   18 41 0f 10 06 0f 11 00 41 0f 10 4e 10 0f 11 48
0x00007ffe23075530:   10 48 8b 4b 08 48 89 04 0e ff c7 3b bb 90 00 00
0x00007ffe23075540:   00 0f 82 69 ff ff ff 4c 8b 74 24 60 4c 8b 6c 24
0x00007ffe23075550:   58 4c 8b 64 24 50 48 8b c3 48 83 c4 20 41 5f 5f
0x00007ffe23075560:   5e 5d 5b c3 cc cc cc cc cc cc cc cc cc cc cc cc
0x00007ffe23075570:   40 53 8b 51 08 4c 8b d1 83 fa 08 73 1f 48 8b 59
0x00007ffe23075580:   18 44 8b c2 44 8d 5a 01 42 83 3c 83 00 0f 85 f7
0x00007ffe23075590:   00 00 00 41 8b d3 41 83 fb 08 72 e5 44 8b 59 0c
0x00007ffe230755a0:   48 89 6c 24 10 48 89 74 24 18 48 89 7c 24 20 44
0x00007ffe230755b0:   3b 59 10 0f 83 be 00 00 00 8b 0d 4d 04 7f 00 48
0x00007ffe230755c0:   8d 35 da 3e 7a 00 65 48 8b 04 25 58 00 00 00 bd
0x00007ffe230755d0:   08 00 00 00 48 8d 3c c8 0f 1f 84 00 00 00 00 00
0x00007ffe230755e0:   49 8b 42 20 41 8b db 4c 8b 04 d8 4c 3b c6 74 7a
0x00007ffe230755f0:   33 c0 4d 89 42 18 33 c9 0f 1f 84 00 00 00 00 00
0x00007ffe23075600:   42 83 3c 01 00 8d 50 01 0f 85 b3 00 00 00 48 83
0x00007ffe23075610:   c1 04 8b c2 83 fa 08 72 e7 4d 8b 4a 28 4d 85 c9
0x00007ffe23075620:   74 48 49 8b 41 08 8b d5 48 03 17 4c 8b 04 d8 48
0x00007ffe23075630:   8b 02 48 8b 88 d0 04 00 00 48 8b 81 80 00 00 00
0x00007ffe23075640:   48 8b 88 30 08 00 00 49 89 08 48 8b 02 48 8b 88
0x00007ffe23075650:   d0 04 00 00 48 8b 81 80 00 00 00 4c 89 80 30 08
0x00007ffe23075660:   00 00 49 8b 41 08 48 89 34 d8 41 ff c3 45 3b 5a
0x00007ffe23075670:   10 0f 82 69 ff ff ff 48 8b 74 24 18 33 c0 48 8b
0x00007ffe23075680:   6c 24 10 48 8b 7c 24 20 5b c3 8b 41 0c 44 8d 0c
0x00007ffe23075690:   c2 41 c1 e1 05 41 81 c1 00 ff ff ff 44 89 49 04
0x00007ffe230756a0:   46 8b 04 83 49 0f bc d0 44 89 59 08 8b ca 41 d3
0x00007ffe230756b0:   e8 41 ff c8 41 8d 04 11 45 89 02 41 89 42 04 5b
0x00007ffe230756c0:   c3 48 8b 74 24 18 46 8d 0c d8 48 8b 6c 24 10 48
0x00007ffe230756d0:   8b 7c 24 20 8b c8 41 8d 43 01 41 c1 e1 05 45 89
0x00007ffe230756e0:   4a 04 45 8b 04 88 41 89 52 08 49 0f bc d0 41 89
0x00007ffe230756f0:   42 0c 8b ca 41 d3 e8 41 ff c8 41 8d 04 11 45 89 


Stack slot to memory mapping:
stack at sp + 0 slots: 0x00000206dba95590 points into unknown readable memory: 0x0000002b00000001 | 01 00 00 00 2b 00 00 00
stack at sp + 1 slots: 0x00007ffe2306ee94 jvm.dll
stack at sp + 2 slots: 0x000000265affc040 is pointing into the stack for thread: 0x00000206d36bc050
stack at sp + 3 slots: 0x0000000000002a56 is an unknown value
stack at sp + 4 slots: 0x0000000000002a56 is an unknown value
stack at sp + 5 slots: 0x00000206d2aa6e40 points into unknown readable memory: 0x005c003f00000006 | 06 00 00 00 3f 00 5c 00
stack at sp + 6 slots: 0x0 is NULL
stack at sp + 7 slots: 0x0000000000000008 is an unknown value


---------------  P R O C E S S  ---------------

Threads class SMR info:
_java_thread_list=0x00000206d4ef9160, length=91, elements={
0x00000206b36ac2c0, 0x00000206ce3d1030, 0x00000206ce3d1c00, 0x00000206ce3f0950,
0x00000206ce3f3410, 0x00000206ce3f3ec0, 0x00000206ce3f4ca0, 0x00000206ce3f8d40,
0x00000206ce403750, 0x00000206cee62120, 0x00000206cee62c30, 0x00000206d032b220,
0x00000206d0328b10, 0x00000206d0060d30, 0x00000206d0960600, 0x00000206d0961470,
0x00000206d0961940, 0x00000206d0960ad0, 0x00000206d0960fa0, 0x00000206d09622e0,
0x00000206d0962c80, 0x00000206d0963af0, 0x00000206d09627b0, 0x00000206d30a0ce0,
0x00000206d30a1680, 0x00000206d30a6850, 0x00000206d1646a40, 0x00000206d1643080,
0x00000206d1643a20, 0x00000206d1644890, 0x00000206d1645230, 0x00000206d1645bd0,
0x00000206d16460a0, 0x00000206d493a550, 0x00000206d493da40, 0x00000206d493c230,
0x00000206d493aef0, 0x00000206d493e3e0, 0x00000206d493d0a0, 0x00000206d493c700,
0x00000206d493d570, 0x00000206d493df10, 0x00000206d4938d40, 0x00000206d493b3c0,
0x00000206d4939210, 0x00000206d493a080, 0x00000206d493e8b0, 0x00000206d49396e0,
0x00000206d493bd60, 0x00000206d4937530, 0x00000206d493b890, 0x00000206d4937060,
0x00000206d49383a0, 0x00000206d4937a00, 0x00000206cf108040, 0x00000206cf10b060,
0x00000206cf10ba00, 0x00000206cf1059c0, 0x00000206cf104b50, 0x00000206cf1054f0,
0x00000206cf1041b0, 0x00000206cf1071d0, 0x00000206cf104680, 0x00000206cf105020,
0x00000206cf105e90, 0x00000206cf106d00, 0x00000206cf1076a0, 0x00000206cf106360,
0x00000206cf108510, 0x00000206cf108eb0, 0x00000206cf1089e0, 0x00000206cf109380,
0x00000206cf109850, 0x00000206cf10a1f0, 0x00000206d30a3d00, 0x00000206d30a41d0,
0x00000206d30a2e90, 0x00000206d30a5eb0, 0x00000206d30a24f0, 0x00000206d30a11b0,
0x00000206d30a46a0, 0x00000206d30a4b70, 0x00000206d30a5510, 0x00000206d30a1b50,
0x00000206d30a5040, 0x00000206d30a59e0, 0x00000206d30a6380, 0x00000206d30a6d20,
0x00000206d0963150, 0x00000206d0960130, 0x00000206d36bc050
}

Java Threads: ( => current thread )
  0x00000206b36ac2c0 JavaThread "main" [_thread_blocked, id=4700, stack(0x0000002654f00000,0x0000002655000000)]
  0x00000206ce3d1030 JavaThread "Reference Handler" daemon [_thread_blocked, id=3552, stack(0x0000002655600000,0x0000002655700000)]
  0x00000206ce3d1c00 JavaThread "Finalizer" daemon [_thread_blocked, id=2916, stack(0x0000002655700000,0x0000002655800000)]
  0x00000206ce3f0950 JavaThread "Signal Dispatcher" daemon [_thread_blocked, id=820, stack(0x0000002655800000,0x0000002655900000)]
  0x00000206ce3f3410 JavaThread "Attach Listener" daemon [_thread_blocked, id=14284, stack(0x0000002655900000,0x0000002655a00000)]
  0x00000206ce3f3ec0 JavaThread "Service Thread" daemon [_thread_blocked, id=8952, stack(0x0000002655a00000,0x0000002655b00000)]
  0x00000206ce3f4ca0 JavaThread "C2 CompilerThread0" daemon [_thread_in_native, id=1756, stack(0x0000002655b00000,0x0000002655c00000)]
  0x00000206ce3f8d40 JavaThread "C1 CompilerThread0" daemon [_thread_blocked, id=1356, stack(0x0000002655c00000,0x0000002655d00000)]
  0x00000206ce403750 JavaThread "Sweeper thread" daemon [_thread_blocked, id=7628, stack(0x0000002655d00000,0x0000002655e00000)]
  0x00000206cee62120 JavaThread "Common-Cleaner" daemon [_thread_blocked, id=15044, stack(0x0000002655e00000,0x0000002655f00000)]
  0x00000206cee62c30 JavaThread "Notification Thread" daemon [_thread_blocked, id=7740, stack(0x0000002655f00000,0x0000002656000000)]
  0x00000206d032b220 JavaThread "Daemon health stats" [_thread_blocked, id=3496, stack(0x0000002656400000,0x0000002656500000)]
  0x00000206d0328b10 JavaThread "Incoming local TCP Connector on port 60223" [_thread_in_native, id=5448, stack(0x0000002656500000,0x0000002656600000)]
  0x00000206d0060d30 JavaThread "Daemon periodic checks" [_thread_blocked, id=12880, stack(0x0000002656600000,0x0000002656700000)]
  0x00000206d0960600 JavaThread "Cache worker for journal cache (C:\Users\JS\.gradle\caches\journal-1)" [_thread_blocked, id=7696, stack(0x0000002656e00000,0x0000002656f00000)]
  0x00000206d0961470 JavaThread "File lock request listener" [_thread_in_native, id=6692, stack(0x0000002656f00000,0x0000002657000000)]
  0x00000206d0961940 JavaThread "Cache worker for file hash cache (C:\Users\JS\.gradle\caches\7.4\fileHashes)" [_thread_blocked, id=7532, stack(0x0000002657000000,0x0000002657100000)]
  0x00000206d0960ad0 JavaThread "File watcher server" daemon [_thread_in_native, id=7016, stack(0x0000002657100000,0x0000002657200000)]
  0x00000206d0960fa0 JavaThread "File watcher consumer" daemon [_thread_blocked, id=9592, stack(0x0000002657200000,0x0000002657300000)]
  0x00000206d09622e0 JavaThread "jar transforms" [_thread_blocked, id=10208, stack(0x0000002657300000,0x0000002657400000)]
  0x00000206d0962c80 JavaThread "jar transforms Thread 2" [_thread_blocked, id=14544, stack(0x0000002657400000,0x0000002657500000)]
  0x00000206d0963af0 JavaThread "jar transforms Thread 3" [_thread_blocked, id=808, stack(0x0000002657500000,0x0000002657600000)]
  0x00000206d09627b0 JavaThread "jar transforms Thread 4" [_thread_blocked, id=15160, stack(0x0000002657600000,0x0000002657700000)]
  0x00000206d30a0ce0 JavaThread "Cache worker for execution history cache (C:\Users\JS\.gradle\caches\7.4\executionHistory)" [_thread_blocked, id=3392, stack(0x0000002657b00000,0x0000002657c00000)]
  0x00000206d30a1680 JavaThread "Cache worker for file content cache (C:\Users\JS\.gradle\caches\7.4\fileContent)" [_thread_blocked, id=1864, stack(0x0000002657c00000,0x0000002657d00000)]
  0x00000206d30a6850 JavaThread "Memory manager" [_thread_blocked, id=10360, stack(0x0000002658300000,0x0000002658400000)]
  0x00000206d1646a40 JavaThread "Daemon Thread 4" [_thread_blocked, id=10268, stack(0x0000002654c00000,0x0000002654d00000)]
  0x00000206d1643080 JavaThread "Daemon Thread 5" [_thread_blocked, id=10440, stack(0x0000002654e00000,0x0000002654f00000)]
  0x00000206d1643a20 JavaThread "Handler for socket connection from /127.0.0.1:60223 to /127.0.0.1:64813" [_thread_in_native, id=5572, stack(0x0000002656700000,0x0000002656800000)]
  0x00000206d1644890 JavaThread "Cancel handler" [_thread_blocked, id=6960, stack(0x0000002656800000,0x0000002656900000)]
  0x00000206d1645230 JavaThread "Daemon worker Thread 4" [_thread_blocked, id=13796, stack(0x0000002654d00000,0x0000002654e00000)]
  0x00000206d1645bd0 JavaThread "Asynchronous log dispatcher for DefaultDaemonConnection: socket connection from /127.0.0.1:60223 to /127.0.0.1:64813" [_thread_blocked, id=8320, stack(0x0000002656900000,0x0000002656a00000)]
  0x00000206d16460a0 JavaThread "Stdin handler" [_thread_blocked, id=14072, stack(0x0000002656a00000,0x0000002656b00000)]
  0x00000206d493a550 JavaThread "Daemon client event forwarder" [_thread_blocked, id=3812, stack(0x0000002656b00000,0x0000002656c00000)]
  0x00000206d493da40 JavaThread "Cache worker for checksums cache (C:\Users\JS\Desktop\Netology\Selenium\Selenium\.gradle\7.4\checksums)" [_thread_blocked, id=6324, stack(0x0000002656c00000,0x0000002656d00000)]
  0x00000206d493c230 JavaThread "Cache worker for cache directory md-rule (C:\Users\JS\.gradle\caches\7.4\md-rule)" [_thread_blocked, id=5208, stack(0x0000002656d00000,0x0000002656e00000)]
  0x00000206d493aef0 JavaThread "Cache worker for file hash cache (C:\Users\JS\Desktop\Netology\Selenium\Selenium\.gradle\7.4\fileHashes)" [_thread_blocked, id=12116, stack(0x0000002657700000,0x0000002657800000)]
  0x00000206d493e3e0 JavaThread "Cache worker for cache directory md-supplier (C:\Users\JS\.gradle\caches\7.4\md-supplier)" [_thread_blocked, id=9616, stack(0x0000002657800000,0x0000002657900000)]
  0x00000206d493d0a0 JavaThread "Cache worker for dependencies-accessors (C:\Users\JS\Desktop\Netology\Selenium\Selenium\.gradle\7.4\dependencies-accessors)" [_thread_blocked, id=9844, stack(0x0000002657a00000,0x0000002657b00000)]
  0x00000206d493c700 JavaThread "Cache worker for Build Output Cleanup Cache (C:\Users\JS\Desktop\Netology\Selenium\Selenium\.gradle\buildOutputCleanup)" [_thread_blocked, id=8856, stack(0x0000002657f00000,0x0000002658000000)]
  0x00000206d493d570 JavaThread "included builds" [_thread_blocked, id=12764, stack(0x0000002658000000,0x0000002658100000)]
  0x00000206d493df10 JavaThread "Execution worker for ':'" [_thread_blocked, id=12848, stack(0x0000002658100000,0x0000002658200000)]
  0x00000206d4938d40 JavaThread "Execution worker for ':' Thread 2" [_thread_blocked, id=14776, stack(0x0000002658200000,0x0000002658300000)]
  0x00000206d493b3c0 JavaThread "Execution worker for ':' Thread 3" [_thread_blocked, id=2796, stack(0x0000002658400000,0x0000002658500000)]
  0x00000206d4939210 JavaThread "Cache worker for execution history cache (C:\Users\JS\Desktop\Netology\Selenium\Selenium\.gradle\7.4\executionHistory)" [_thread_blocked, id=13240, stack(0x0000002658500000,0x0000002658600000)]
  0x00000206d493a080 JavaThread "Cache worker for Java compile cache (C:\Users\JS\.gradle\caches\7.4\javaCompile)" [_thread_in_vm, id=10296, stack(0x0000002658700000,0x0000002658800000)]
  0x00000206d493e8b0 JavaThread "Unconstrained build operations" [_thread_blocked, id=9300, stack(0x0000002657900000,0x0000002657a00000)]
  0x00000206d49396e0 JavaThread "Unconstrained build operations Thread 2" [_thread_blocked, id=5520, stack(0x0000002658800000,0x0000002658900000)]
  0x00000206d493bd60 JavaThread "Unconstrained build operations Thread 3" [_thread_blocked, id=6888, stack(0x0000002658900000,0x0000002658a00000)]
  0x00000206d4937530 JavaThread "Unconstrained build operations Thread 4" [_thread_blocked, id=6340, stack(0x0000002658a00000,0x0000002658b00000)]
  0x00000206d493b890 JavaThread "Unconstrained build operations Thread 5" [_thread_blocked, id=7892, stack(0x0000002658b00000,0x0000002658c00000)]
  0x00000206d4937060 JavaThread "Unconstrained build operations Thread 6" [_thread_blocked, id=12236, stack(0x0000002658c00000,0x0000002658d00000)]
  0x00000206d49383a0 JavaThread "Unconstrained build operations Thread 7" [_thread_blocked, id=9156, stack(0x0000002658d00000,0x0000002658e00000)]
  0x00000206d4937a00 JavaThread "Unconstrained build operations Thread 8" [_thread_blocked, id=8360, stack(0x0000002658e00000,0x0000002658f00000)]
  0x00000206cf108040 JavaThread "Unconstrained build operations Thread 9" [_thread_blocked, id=2388, stack(0x0000002658f00000,0x0000002659000000)]
  0x00000206cf10b060 JavaThread "Unconstrained build operations Thread 10" [_thread_blocked, id=5956, stack(0x0000002659000000,0x0000002659100000)]
  0x00000206cf10ba00 JavaThread "Unconstrained build operations Thread 11" [_thread_blocked, id=9188, stack(0x0000002659100000,0x0000002659200000)]
  0x00000206cf1059c0 JavaThread "Unconstrained build operations Thread 12" [_thread_blocked, id=4160, stack(0x0000002659200000,0x0000002659300000)]
  0x00000206cf104b50 JavaThread "Unconstrained build operations Thread 13" [_thread_blocked, id=7544, stack(0x0000002659300000,0x0000002659400000)]
  0x00000206cf1054f0 JavaThread "Unconstrained build operations Thread 14" [_thread_blocked, id=3488, stack(0x0000002659400000,0x0000002659500000)]
  0x00000206cf1041b0 JavaThread "Unconstrained build operations Thread 15" [_thread_blocked, id=14424, stack(0x0000002659500000,0x0000002659600000)]
  0x00000206cf1071d0 JavaThread "Unconstrained build operations Thread 16" [_thread_blocked, id=11816, stack(0x0000002659600000,0x0000002659700000)]
  0x00000206cf104680 JavaThread "Unconstrained build operations Thread 17" [_thread_blocked, id=15344, stack(0x0000002659700000,0x0000002659800000)]
  0x00000206cf105020 JavaThread "Unconstrained build operations Thread 18" [_thread_blocked, id=2588, stack(0x0000002659800000,0x0000002659900000)]
  0x00000206cf105e90 JavaThread "Unconstrained build operations Thread 19" [_thread_blocked, id=10724, stack(0x0000002659900000,0x0000002659a00000)]
  0x00000206cf106d00 JavaThread "Unconstrained build operations Thread 20" [_thread_blocked, id=8156, stack(0x0000002659a00000,0x0000002659b00000)]
  0x00000206cf1076a0 JavaThread "Unconstrained build operations Thread 21" [_thread_blocked, id=10384, stack(0x0000002659b00000,0x0000002659c00000)]
  0x00000206cf106360 JavaThread "Unconstrained build operations Thread 22" [_thread_blocked, id=9480, stack(0x0000002659c00000,0x0000002659d00000)]
  0x00000206cf108510 JavaThread "Unconstrained build operations Thread 23" [_thread_blocked, id=15300, stack(0x0000002659d00000,0x0000002659e00000)]
  0x00000206cf108eb0 JavaThread "Unconstrained build operations Thread 24" [_thread_blocked, id=14884, stack(0x0000002659e00000,0x0000002659f00000)]
  0x00000206cf1089e0 JavaThread "Unconstrained build operations Thread 25" [_thread_blocked, id=5800, stack(0x0000002659f00000,0x000000265a000000)]
  0x00000206cf109380 JavaThread "Unconstrained build operations Thread 26" [_thread_blocked, id=1048, stack(0x000000265a000000,0x000000265a100000)]
  0x00000206cf109850 JavaThread "Unconstrained build operations Thread 27" [_thread_blocked, id=8696, stack(0x000000265a100000,0x000000265a200000)]
  0x00000206cf10a1f0 JavaThread "Unconstrained build operations Thread 28" [_thread_blocked, id=10008, stack(0x000000265a200000,0x000000265a300000)]
  0x00000206d30a3d00 JavaThread "Unconstrained build operations Thread 29" [_thread_blocked, id=12592, stack(0x000000265a300000,0x000000265a400000)]
  0x00000206d30a41d0 JavaThread "Unconstrained build operations Thread 30" [_thread_blocked, id=13600, stack(0x000000265a400000,0x000000265a500000)]
  0x00000206d30a2e90 JavaThread "Unconstrained build operations Thread 31" [_thread_blocked, id=1712, stack(0x000000265a500000,0x000000265a600000)]
  0x00000206d30a5eb0 JavaThread "Unconstrained build operations Thread 32" [_thread_blocked, id=9716, stack(0x000000265a600000,0x000000265a700000)]
  0x00000206d30a24f0 JavaThread "Unconstrained build operations Thread 33" [_thread_blocked, id=732, stack(0x000000265a700000,0x000000265a800000)]
  0x00000206d30a11b0 JavaThread "Unconstrained build operations Thread 34" [_thread_blocked, id=4236, stack(0x000000265a800000,0x000000265a900000)]
  0x00000206d30a46a0 JavaThread "Unconstrained build operations Thread 35" [_thread_blocked, id=15140, stack(0x000000265a900000,0x000000265aa00000)]
  0x00000206d30a4b70 JavaThread "Unconstrained build operations Thread 36" [_thread_blocked, id=11384, stack(0x000000265aa00000,0x000000265ab00000)]
  0x00000206d30a5510 JavaThread "Unconstrained build operations Thread 37" [_thread_blocked, id=13232, stack(0x000000265ab00000,0x000000265ac00000)]
  0x00000206d30a1b50 JavaThread "Unconstrained build operations Thread 38" [_thread_blocked, id=13276, stack(0x000000265ac00000,0x000000265ad00000)]
  0x00000206d30a5040 JavaThread "Unconstrained build operations Thread 39" [_thread_blocked, id=8984, stack(0x000000265ad00000,0x000000265ae00000)]
  0x00000206d30a59e0 JavaThread "Unconstrained build operations Thread 40" [_thread_blocked, id=3396, stack(0x000000265ae00000,0x000000265af00000)]
  0x00000206d30a6380 JavaThread "Build operations" [_thread_blocked, id=1288, stack(0x000000265b000000,0x000000265b100000)]
  0x00000206d30a6d20 JavaThread "Build operations Thread 2" [_thread_blocked, id=14512, stack(0x000000265b100000,0x000000265b200000)]
  0x00000206d0963150 JavaThread "Build operations Thread 3" [_thread_in_native, id=4628, stack(0x000000265b200000,0x000000265b300000)]
  0x00000206d0960130 JavaThread "Build operations Thread 4" [_thread_blocked, id=14840, stack(0x000000265b300000,0x000000265b400000)]
=>0x00000206d36bc050 JavaThread "C2 CompilerThread1" daemon [_thread_in_native, id=10616, stack(0x000000265af00000,0x000000265b000000)]

Other Threads:
  0x00000206ce3cb7a0 VMThread "VM Thread" [stack: 0x0000002655500000,0x0000002655600000] [id=11444]
  0x00000206cee63100 WatcherThread [stack: 0x0000002656000000,0x0000002656100000] [id=5072]
  0x00000206b36d2390 GCTaskThread "GC Thread#0" [stack: 0x0000002655000000,0x0000002655100000] [id=6152]
  0x00000206cee52870 GCTaskThread "GC Thread#1" [stack: 0x0000002656100000,0x0000002656200000] [id=3460]
  0x00000206cf3a2990 GCTaskThread "GC Thread#2" [stack: 0x0000002656200000,0x0000002656300000] [id=5212]
  0x00000206cf39f030 GCTaskThread "GC Thread#3" [stack: 0x0000002656300000,0x0000002656400000] [id=244]
  0x00000206b36d7660 ConcurrentGCThread "G1 Main Marker" [stack: 0x0000002655100000,0x0000002655200000] [id=7200]
  0x00000206b36d8b10 ConcurrentGCThread "G1 Conc#0" [stack: 0x0000002655200000,0x0000002655300000] [id=11228]
  0x00000206b3782c60 ConcurrentGCThread "G1 Refine#0" [stack: 0x0000002655300000,0x0000002655400000] [id=11256]
  0x00000206cfd16e40 ConcurrentGCThread "G1 Refine#1" [stack: 0x0000002657d00000,0x0000002657e00000] [id=12016]
  0x00000206d30404c0 ConcurrentGCThread "G1 Refine#2" [stack: 0x0000002657e00000,0x0000002657f00000] [id=2700]
  0x00000206d2de19c0 ConcurrentGCThread "G1 Refine#3" [stack: 0x0000002658600000,0x0000002658700000] [id=13968]
  0x00000206b37838e0 ConcurrentGCThread "G1 Young RemSet Sampling" [stack: 0x0000002655400000,0x0000002655500000] [id=5904]

Threads with active compile tasks:
C2 CompilerThread0  4867954 15538       4       org.objectweb.asm.ClassReader::readCode (5109 bytes)
C2 CompilerThread1  4867954 15402       4       org.objectweb.asm.ClassReader::accept (1412 bytes)

VM state: not at safepoint (normal execution)

VM Mutex/Monitor currently owned by a thread: None

Heap address: 0x00000000e0000000, size: 512 MB, Compressed Oops mode: 32-bit
CDS archive(s) mapped at: [0x0000000800000000-0x0000000800b50000-0x0000000800b50000), size 11862016, SharedBaseAddress: 0x0000000800000000, ArchiveRelocationMode: 0.
Compressed class space mapped at: 0x0000000800b50000-0x0000000810350000, size: 260046848
Narrow klass base: 0x0000000800000000, Narrow klass shift: 3, Narrow klass range: 0x100000000

GC Precious Log:
 CPUs: 4 total, 4 available
 Memory: 6088M
 Large Page Support: Disabled
 NUMA Support: Disabled
 Compressed Oops: Enabled (32-bit)
 Heap Region Size: 1M
 Heap Min Capacity: 256M
 Heap Initial Capacity: 256M
 Heap Max Capacity: 512M
 Pre-touch: Disabled
 Parallel Workers: 4
 Concurrent Workers: 1
 Concurrent Refinement Workers: 4
 Periodic GC: Disabled

Heap:
 garbage-first heap   total 301056K, used 242444K [0x00000000e0000000, 0x0000000100000000)
  region size 1024K, 87 young (89088K), 6 survivors (6144K)
 Metaspace       used 86277K, capacity 87518K, committed 88528K, reserved 331776K
  class space    used 10786K, capacity 11115K, committed 11392K, reserved 253952K

Heap Regions: E=young(eden), S=young(survivor), O=old, HS=humongous(starts), HC=humongous(continues), CS=collection set, F=free, OA=open archive, CA=closed archive, TAMS=top-at-mark-start (previous, next)
|   0|0x00000000e0000000, 0x00000000e0100000, 0x00000000e0100000|100%|HS|  |TAMS 0x00000000e0100000, 0x00000000e0000000| Complete 
|   1|0x00000000e0100000, 0x00000000e0200000, 0x00000000e0200000|100%|HC|  |TAMS 0x00000000e0200000, 0x00000000e0100000| Complete 
|   2|0x00000000e0200000, 0x00000000e0300000, 0x00000000e0300000|100%|HC|  |TAMS 0x00000000e0300000, 0x00000000e0200000| Complete 
|   3|0x00000000e0300000, 0x00000000e0400000, 0x00000000e0400000|100%| O|  |TAMS 0x00000000e0400000, 0x00000000e0300000| Untracked 
|   4|0x00000000e0400000, 0x00000000e0500000, 0x00000000e0500000|100%| O|  |TAMS 0x00000000e0500000, 0x00000000e0400000| Untracked 
|   5|0x00000000e0500000, 0x00000000e0600000, 0x00000000e0600000|100%| O|  |TAMS 0x00000000e0600000, 0x00000000e0500000| Untracked 
|   6|0x00000000e0600000, 0x00000000e0700000, 0x00000000e0700000|100%| O|  |TAMS 0x00000000e0700000, 0x00000000e0600000| Untracked 
|   7|0x00000000e0700000, 0x00000000e0800000, 0x00000000e0800000|100%| O|  |TAMS 0x00000000e0800000, 0x00000000e0700000| Untracked 
|   8|0x00000000e0800000, 0x00000000e0900000, 0x00000000e0900000|100%| O|  |TAMS 0x00000000e0900000, 0x00000000e0800000| Untracked 
|   9|0x00000000e0900000, 0x00000000e0a00000, 0x00000000e0a00000|100%| O|  |TAMS 0x00000000e0a00000, 0x00000000e0900000| Untracked 
|  10|0x00000000e0a00000, 0x00000000e0a00000, 0x00000000e0b00000|  0%| F|  |TAMS 0x00000000e0a00000, 0x00000000e0a00000| Untracked 
|  11|0x00000000e0b00000, 0x00000000e0c00000, 0x00000000e0c00000|100%|HS|  |TAMS 0x00000000e0c00000, 0x00000000e0b00000| Complete 
|  12|0x00000000e0c00000, 0x00000000e0d00000, 0x00000000e0d00000|100%|HC|  |TAMS 0x00000000e0d00000, 0x00000000e0c00000| Complete 
|  13|0x00000000e0d00000, 0x00000000e0e00000, 0x00000000e0e00000|100%|HS|  |TAMS 0x00000000e0e00000, 0x00000000e0d00000| Complete 
|  14|0x00000000e0e00000, 0x00000000e0f00000, 0x00000000e0f00000|100%|HC|  |TAMS 0x00000000e0f00000, 0x00000000e0e00000| Complete 
|  15|0x00000000e0f00000, 0x00000000e1000000, 0x00000000e1000000|100%|HC|  |TAMS 0x00000000e1000000, 0x00000000e0f00000| Complete 
|  16|0x00000000e1000000, 0x00000000e1100000, 0x00000000e1100000|100%|HS|  |TAMS 0x00000000e1100000, 0x00000000e1000000| Complete 
|  17|0x00000000e1100000, 0x00000000e1200000, 0x00000000e1200000|100%|HC|  |TAMS 0x00000000e1200000, 0x00000000e1100000| Complete 
|  18|0x00000000e1200000, 0x00000000e1300000, 0x00000000e1300000|100%|HC|  |TAMS 0x00000000e1300000, 0x00000000e1200000| Complete 
|  19|0x00000000e1300000, 0x00000000e1400000, 0x00000000e1400000|100%|HS|  |TAMS 0x00000000e1400000, 0x00000000e1300000| Complete 
|  20|0x00000000e1400000, 0x00000000e1500000, 0x00000000e1500000|100%|HC|  |TAMS 0x00000000e1500000, 0x00000000e1400000| Complete 
|  21|0x00000000e1500000, 0x00000000e1600000, 0x00000000e1600000|100%|HS|  |TAMS 0x00000000e1600000, 0x00000000e1500000| Complete 
|  22|0x00000000e1600000, 0x00000000e1700000, 0x00000000e1700000|100%|HC|  |TAMS 0x00000000e1700000, 0x00000000e1600000| Complete 
|  23|0x00000000e1700000, 0x00000000e1800000, 0x00000000e1800000|100%|HC|  |TAMS 0x00000000e1800000, 0x00000000e1700000| Complete 
|  24|0x00000000e1800000, 0x00000000e1900000, 0x00000000e1900000|100%|HC|  |TAMS 0x00000000e1900000, 0x00000000e1800000| Complete 
|  25|0x00000000e1900000, 0x00000000e1a00000, 0x00000000e1a00000|100%|HC|  |TAMS 0x00000000e1a00000, 0x00000000e1900000| Complete 
|  26|0x00000000e1a00000, 0x00000000e1b00000, 0x00000000e1b00000|100%|HC|  |TAMS 0x00000000e1b00000, 0x00000000e1a00000| Complete 
|  27|0x00000000e1b00000, 0x00000000e1c00000, 0x00000000e1c00000|100%|HC|  |TAMS 0x00000000e1c00000, 0x00000000e1b00000| Complete 
|  28|0x00000000e1c00000, 0x00000000e1d00000, 0x00000000e1d00000|100%|HC|  |TAMS 0x00000000e1d00000, 0x00000000e1c00000| Complete 
|  29|0x00000000e1d00000, 0x00000000e1e00000, 0x00000000e1e00000|100%|HC|  |TAMS 0x00000000e1e00000, 0x00000000e1d00000| Complete 
|  30|0x00000000e1e00000, 0x00000000e1f00000, 0x00000000e1f00000|100%|HC|  |TAMS 0x00000000e1f00000, 0x00000000e1e00000| Complete 
|  31|0x00000000e1f00000, 0x00000000e2000000, 0x00000000e2000000|100%|HC|  |TAMS 0x00000000e2000000, 0x00000000e1f00000| Complete 
|  32|0x00000000e2000000, 0x00000000e2100000, 0x00000000e2100000|100%|HS|  |TAMS 0x00000000e2100000, 0x00000000e2000000| Complete 
|  33|0x00000000e2100000, 0x00000000e2200000, 0x00000000e2200000|100%|HC|  |TAMS 0x00000000e2200000, 0x00000000e2100000| Complete 
|  34|0x00000000e2200000, 0x00000000e2300000, 0x00000000e2300000|100%|HS|  |TAMS 0x00000000e2300000, 0x00000000e2200000| Complete 
|  35|0x00000000e2300000, 0x00000000e2400000, 0x00000000e2400000|100%|HC|  |TAMS 0x00000000e2400000, 0x00000000e2300000| Complete 
|  36|0x00000000e2400000, 0x00000000e2500000, 0x00000000e2500000|100%|HC|  |TAMS 0x00000000e2500000, 0x00000000e2400000| Complete 
|  37|0x00000000e2500000, 0x00000000e2600000, 0x00000000e2600000|100%|HC|  |TAMS 0x00000000e2600000, 0x00000000e2500000| Complete 
|  38|0x00000000e2600000, 0x00000000e2700000, 0x00000000e2700000|100%|HC|  |TAMS 0x00000000e2700000, 0x00000000e2600000| Complete 
|  39|0x00000000e2700000, 0x00000000e2800000, 0x00000000e2800000|100%|HS|  |TAMS 0x00000000e2800000, 0x00000000e2700000| Complete 
|  40|0x00000000e2800000, 0x00000000e2900000, 0x00000000e2900000|100%|HC|  |TAMS 0x00000000e2900000, 0x00000000e2800000| Complete 
|  41|0x00000000e2900000, 0x00000000e2a00000, 0x00000000e2a00000|100%| O|  |TAMS 0x00000000e2a00000, 0x00000000e2900000| Untracked 
|  42|0x00000000e2a00000, 0x00000000e2b00000, 0x00000000e2b00000|100%| O|  |TAMS 0x00000000e2b00000, 0x00000000e2a00000| Untracked 
|  43|0x00000000e2b00000, 0x00000000e2c00000, 0x00000000e2c00000|100%| O|  |TAMS 0x00000000e2c00000, 0x00000000e2b00000| Untracked 
|  44|0x00000000e2c00000, 0x00000000e2c00000, 0x00000000e2d00000|  0%| F|  |TAMS 0x00000000e2c00000, 0x00000000e2c00000| Untracked 
|  45|0x00000000e2d00000, 0x00000000e2e00000, 0x00000000e2e00000|100%| O|  |TAMS 0x00000000e2e00000, 0x00000000e2d00000| Untracked 
|  46|0x00000000e2e00000, 0x00000000e2e00000, 0x00000000e2f00000|  0%| F|  |TAMS 0x00000000e2e00000, 0x00000000e2e00000| Untracked 
|  47|0x00000000e2f00000, 0x00000000e3000000, 0x00000000e3000000|100%| O|  |TAMS 0x00000000e3000000, 0x00000000e2f00000| Untracked 
|  48|0x00000000e3000000, 0x00000000e3100000, 0x00000000e3100000|100%| O|  |TAMS 0x00000000e3100000, 0x00000000e3000000| Untracked 
|  49|0x00000000e3100000, 0x00000000e3200000, 0x00000000e3200000|100%| O|  |TAMS 0x00000000e3200000, 0x00000000e3100000| Untracked 
|  50|0x00000000e3200000, 0x00000000e3300000, 0x00000000e3300000|100%| O|  |TAMS 0x00000000e3300000, 0x00000000e3200000| Untracked 
|  51|0x00000000e3300000, 0x00000000e3400000, 0x00000000e3400000|100%| O|  |TAMS 0x00000000e3400000, 0x00000000e3300000| Untracked 
|  52|0x00000000e3400000, 0x00000000e3500000, 0x00000000e3500000|100%| O|  |TAMS 0x00000000e3500000, 0x00000000e3400000| Untracked 
|  53|0x00000000e3500000, 0x00000000e3600000, 0x00000000e3600000|100%| O|  |TAMS 0x00000000e3600000, 0x00000000e3500000| Untracked 
|  54|0x00000000e3600000, 0x00000000e3700000, 0x00000000e3700000|100%|HS|  |TAMS 0x00000000e3700000, 0x00000000e3600000| Complete 
|  55|0x00000000e3700000, 0x00000000e3800000, 0x00000000e3800000|100%|HC|  |TAMS 0x00000000e3800000, 0x00000000e3700000| Complete 
|  56|0x00000000e3800000, 0x00000000e3900000, 0x00000000e3900000|100%|HC|  |TAMS 0x00000000e3900000, 0x00000000e3800000| Complete 
|  57|0x00000000e3900000, 0x00000000e3a00000, 0x00000000e3a00000|100%|HC|  |TAMS 0x00000000e3a00000, 0x00000000e3900000| Complete 
|  58|0x00000000e3a00000, 0x00000000e3b00000, 0x00000000e3b00000|100%|HC|  |TAMS 0x00000000e3b00000, 0x00000000e3a00000| Complete 
|  59|0x00000000e3b00000, 0x00000000e3c00000, 0x00000000e3c00000|100%|HC|  |TAMS 0x00000000e3c00000, 0x00000000e3b00000| Complete 
|  60|0x00000000e3c00000, 0x00000000e3d00000, 0x00000000e3d00000|100%|HC|  |TAMS 0x00000000e3d00000, 0x00000000e3c00000| Complete 
|  61|0x00000000e3d00000, 0x00000000e3e00000, 0x00000000e3e00000|100%|HC|  |TAMS 0x00000000e3e00000, 0x00000000e3d00000| Complete 
|  62|0x00000000e3e00000, 0x00000000e3f00000, 0x00000000e3f00000|100%|HC|  |TAMS 0x00000000e3f00000, 0x00000000e3e00000| Complete 
|  63|0x00000000e3f00000, 0x00000000e4000000, 0x00000000e4000000|100%|HC|  |TAMS 0x00000000e4000000, 0x00000000e3f00000| Complete 
|  64|0x00000000e4000000, 0x00000000e4100000, 0x00000000e4100000|100%|HC|  |TAMS 0x00000000e4100000, 0x00000000e4000000| Complete 
|  65|0x00000000e4100000, 0x00000000e4200000, 0x00000000e4200000|100%|HC|  |TAMS 0x00000000e4200000, 0x00000000e4100000| Complete 
|  66|0x00000000e4200000, 0x00000000e4300000, 0x00000000e4300000|100%|HS|  |TAMS 0x00000000e4300000, 0x00000000e4200000| Complete 
|  67|0x00000000e4300000, 0x00000000e4400000, 0x00000000e4400000|100%|HC|  |TAMS 0x00000000e4400000, 0x00000000e4300000| Complete 
|  68|0x00000000e4400000, 0x00000000e4500000, 0x00000000e4500000|100%|HC|  |TAMS 0x00000000e4500000, 0x00000000e4400000| Complete 
|  69|0x00000000e4500000, 0x00000000e4600000, 0x00000000e4600000|100%|HS|  |TAMS 0x00000000e4600000, 0x00000000e4500000| Complete 
|  70|0x00000000e4600000, 0x00000000e4700000, 0x00000000e4700000|100%|HC|  |TAMS 0x00000000e4700000, 0x00000000e4600000| Complete 
|  71|0x00000000e4700000, 0x00000000e4800000, 0x00000000e4800000|100%|HC|  |TAMS 0x00000000e4800000, 0x00000000e4700000| Complete 
|  72|0x00000000e4800000, 0x00000000e4900000, 0x00000000e4900000|100%|HS|  |TAMS 0x00000000e4900000, 0x00000000e4800000| Complete 
|  73|0x00000000e4900000, 0x00000000e4a00000, 0x00000000e4a00000|100%|HC|  |TAMS 0x00000000e4a00000, 0x00000000e4900000| Complete 
|  74|0x00000000e4a00000, 0x00000000e4b00000, 0x00000000e4b00000|100%|HS|  |TAMS 0x00000000e4b00000, 0x00000000e4a00000| Complete 
|  75|0x00000000e4b00000, 0x00000000e4c00000, 0x00000000e4c00000|100%|HC|  |TAMS 0x00000000e4c00000, 0x00000000e4b00000| Complete 
|  76|0x00000000e4c00000, 0x00000000e4d00000, 0x00000000e4d00000|100%|HC|  |TAMS 0x00000000e4d00000, 0x00000000e4c00000| Complete 
|  77|0x00000000e4d00000, 0x00000000e4e00000, 0x00000000e4e00000|100%|HC|  |TAMS 0x00000000e4e00000, 0x00000000e4d00000| Complete 
|  78|0x00000000e4e00000, 0x00000000e4f00000, 0x00000000e4f00000|100%|HC|  |TAMS 0x00000000e4f00000, 0x00000000e4e00000| Complete 
|  79|0x00000000e4f00000, 0x00000000e5000000, 0x00000000e5000000|100%|HC|  |TAMS 0x00000000e5000000, 0x00000000e4f00000| Complete 
|  80|0x00000000e5000000, 0x00000000e5100000, 0x00000000e5100000|100%|HS|  |TAMS 0x00000000e5100000, 0x00000000e5000000| Complete 
|  81|0x00000000e5100000, 0x00000000e5200000, 0x00000000e5200000|100%|HS|  |TAMS 0x00000000e5200000, 0x00000000e5100000| Complete 
|  82|0x00000000e5200000, 0x00000000e5300000, 0x00000000e5300000|100%|HC|  |TAMS 0x00000000e5300000, 0x00000000e5200000| Complete 
|  83|0x00000000e5300000, 0x00000000e5400000, 0x00000000e5400000|100%|HS|  |TAMS 0x00000000e5400000, 0x00000000e5300000| Complete 
|  84|0x00000000e5400000, 0x00000000e5500000, 0x00000000e5500000|100%|HC|  |TAMS 0x00000000e5500000, 0x00000000e5400000| Complete 
|  85|0x00000000e5500000, 0x00000000e5600000, 0x00000000e5600000|100%|HC|  |TAMS 0x00000000e5600000, 0x00000000e5500000| Complete 
|  86|0x00000000e5600000, 0x00000000e5700000, 0x00000000e5700000|100%|HS|  |TAMS 0x00000000e5700000, 0x00000000e5600000| Complete 
|  87|0x00000000e5700000, 0x00000000e5800000, 0x00000000e5800000|100%|HC|  |TAMS 0x00000000e5800000, 0x00000000e5700000| Complete 
|  88|0x00000000e5800000, 0x00000000e5900000, 0x00000000e5900000|100%|HC|  |TAMS 0x00000000e5900000, 0x00000000e5800000| Complete 
|  89|0x00000000e5900000, 0x00000000e5a00000, 0x00000000e5a00000|100%|HS|  |TAMS 0x00000000e5a00000, 0x00000000e5900000| Complete 
|  90|0x00000000e5a00000, 0x00000000e5b00000, 0x00000000e5b00000|100%|HC|  |TAMS 0x00000000e5b00000, 0x00000000e5a00000| Complete 
|  91|0x00000000e5b00000, 0x00000000e5c00000, 0x00000000e5c00000|100%|HS|  |TAMS 0x00000000e5c00000, 0x00000000e5b00000| Complete 
|  92|0x00000000e5c00000, 0x00000000e5d00000, 0x00000000e5d00000|100%|HC|  |TAMS 0x00000000e5d00000, 0x00000000e5c00000| Complete 
|  93|0x00000000e5d00000, 0x00000000e5e00000, 0x00000000e5e00000|100%|HC|  |TAMS 0x00000000e5e00000, 0x00000000e5d00000| Complete 
|  94|0x00000000e5e00000, 0x00000000e5f00000, 0x00000000e5f00000|100%|HC|  |TAMS 0x00000000e5f00000, 0x00000000e5e00000| Complete 
|  95|0x00000000e5f00000, 0x00000000e6000000, 0x00000000e6000000|100%|HC|  |TAMS 0x00000000e6000000, 0x00000000e5f00000| Complete 
|  96|0x00000000e6000000, 0x00000000e6100000, 0x00000000e6100000|100%|HC|  |TAMS 0x00000000e6100000, 0x00000000e6000000| Complete 
|  97|0x00000000e6100000, 0x00000000e6200000, 0x00000000e6200000|100%|HC|  |TAMS 0x00000000e6200000, 0x00000000e6100000| Complete 
|  98|0x00000000e6200000, 0x00000000e6300000, 0x00000000e6300000|100%|HC|  |TAMS 0x00000000e6300000, 0x00000000e6200000| Complete 
|  99|0x00000000e6300000, 0x00000000e6400000, 0x00000000e6400000|100%|HC|  |TAMS 0x00000000e6400000, 0x00000000e6300000| Complete 
| 100|0x00000000e6400000, 0x00000000e6500000, 0x00000000e6500000|100%|HC|  |TAMS 0x00000000e6500000, 0x00000000e6400000| Complete 
| 101|0x00000000e6500000, 0x00000000e6600000, 0x00000000e6600000|100%|HC|  |TAMS 0x00000000e6600000, 0x00000000e6500000| Complete 
| 102|0x00000000e6600000, 0x00000000e6700000, 0x00000000e6700000|100%|HS|  |TAMS 0x00000000e6700000, 0x00000000e6600000| Complete 
| 103|0x00000000e6700000, 0x00000000e6800000, 0x00000000e6800000|100%|HC|  |TAMS 0x00000000e6800000, 0x00000000e6700000| Complete 
| 104|0x00000000e6800000, 0x00000000e6900000, 0x00000000e6900000|100%|HS|  |TAMS 0x00000000e6900000, 0x00000000e6800000| Complete 
| 105|0x00000000e6900000, 0x00000000e6a00000, 0x00000000e6a00000|100%|HC|  |TAMS 0x00000000e6a00000, 0x00000000e6900000| Complete 
| 106|0x00000000e6a00000, 0x00000000e6b00000, 0x00000000e6b00000|100%|HC|  |TAMS 0x00000000e6b00000, 0x00000000e6a00000| Complete 
| 107|0x00000000e6b00000, 0x00000000e6c00000, 0x00000000e6c00000|100%|HC|  |TAMS 0x00000000e6c00000, 0x00000000e6b00000| Complete 
| 108|0x00000000e6c00000, 0x00000000e6d00000, 0x00000000e6d00000|100%|HC|  |TAMS 0x00000000e6d00000, 0x00000000e6c00000| Complete 
| 109|0x00000000e6d00000, 0x00000000e6d00000, 0x00000000e6e00000|  0%| F|  |TAMS 0x00000000e6d00000, 0x00000000e6d00000| Untracked 
| 110|0x00000000e6e00000, 0x00000000e6e00000, 0x00000000e6f00000|  0%| F|  |TAMS 0x00000000e6e00000, 0x00000000e6e00000| Untracked 
| 111|0x00000000e6f00000, 0x00000000e6f00000, 0x00000000e7000000|  0%| F|  |TAMS 0x00000000e6f00000, 0x00000000e6f00000| Untracked 
| 112|0x00000000e7000000, 0x00000000e7100000, 0x00000000e7100000|100%| O|  |TAMS 0x00000000e7100000, 0x00000000e7000000| Untracked 
| 113|0x00000000e7100000, 0x00000000e7100000, 0x00000000e7200000|  0%| F|  |TAMS 0x00000000e7100000, 0x00000000e7100000| Untracked 
| 114|0x00000000e7200000, 0x00000000e7300000, 0x00000000e7300000|100%| O|  |TAMS 0x00000000e7300000, 0x00000000e7200000| Untracked 
| 115|0x00000000e7300000, 0x00000000e7300000, 0x00000000e7400000|  0%| F|  |TAMS 0x00000000e7300000, 0x00000000e7300000| Untracked 
| 116|0x00000000e7400000, 0x00000000e7500000, 0x00000000e7500000|100%| O|  |TAMS 0x00000000e7500000, 0x00000000e7400000| Untracked 
| 117|0x00000000e7500000, 0x00000000e7600000, 0x00000000e7600000|100%| O|  |TAMS 0x00000000e7600000, 0x00000000e7500000| Untracked 
| 118|0x00000000e7600000, 0x00000000e7600000, 0x00000000e7700000|  0%| F|  |TAMS 0x00000000e7600000, 0x00000000e7600000| Untracked 
| 119|0x00000000e7700000, 0x00000000e7700000, 0x00000000e7800000|  0%| F|  |TAMS 0x00000000e7700000, 0x00000000e7700000| Untracked 
| 120|0x00000000e7800000, 0x00000000e7900000, 0x00000000e7900000|100%| O|  |TAMS 0x00000000e7900000, 0x00000000e7800000| Untracked 
| 121|0x00000000e7900000, 0x00000000e7a00000, 0x00000000e7a00000|100%| O|  |TAMS 0x00000000e7a00000, 0x00000000e7900000| Untracked 
| 122|0x00000000e7a00000, 0x00000000e7b00000, 0x00000000e7b00000|100%| O|  |TAMS 0x00000000e7b00000, 0x00000000e7a00000| Untracked 
| 123|0x00000000e7b00000, 0x00000000e7b00000, 0x00000000e7c00000|  0%| F|  |TAMS 0x00000000e7b00000, 0x00000000e7b00000| Untracked 
| 124|0x00000000e7c00000, 0x00000000e7d00000, 0x00000000e7d00000|100%| O|  |TAMS 0x00000000e7d00000, 0x00000000e7c00000| Untracked 
| 125|0x00000000e7d00000, 0x00000000e7d00000, 0x00000000e7e00000|  0%| F|  |TAMS 0x00000000e7d00000, 0x00000000e7d00000| Untracked 
| 126|0x00000000e7e00000, 0x00000000e7f00000, 0x00000000e7f00000|100%| O|  |TAMS 0x00000000e7f00000, 0x00000000e7e00000| Untracked 
| 127|0x00000000e7f00000, 0x00000000e8000000, 0x00000000e8000000|100%| O|  |TAMS 0x00000000e8000000, 0x00000000e7f00000| Untracked 
| 128|0x00000000e8000000, 0x00000000e8100000, 0x00000000e8100000|100%| O|  |TAMS 0x00000000e8100000, 0x00000000e8000000| Untracked 
| 129|0x00000000e8100000, 0x00000000e8200000, 0x00000000e8200000|100%| O|  |TAMS 0x00000000e8200000, 0x00000000e8100000| Untracked 
| 130|0x00000000e8200000, 0x00000000e8300000, 0x00000000e8300000|100%| O|  |TAMS 0x00000000e8300000, 0x00000000e8200000| Untracked 
| 131|0x00000000e8300000, 0x00000000e8300000, 0x00000000e8400000|  0%| F|  |TAMS 0x00000000e8300000, 0x00000000e8300000| Untracked 
| 132|0x00000000e8400000, 0x00000000e8500000, 0x00000000e8500000|100%| O|  |TAMS 0x00000000e8500000, 0x00000000e8400000| Untracked 
| 133|0x00000000e8500000, 0x00000000e8600000, 0x00000000e8600000|100%| O|  |TAMS 0x00000000e8600000, 0x00000000e8500000| Untracked 
| 134|0x00000000e8600000, 0x00000000e8600000, 0x00000000e8700000|  0%| F|  |TAMS 0x00000000e8600000, 0x00000000e8600000| Untracked 
| 135|0x00000000e8700000, 0x00000000e8800000, 0x00000000e8800000|100%| O|  |TAMS 0x00000000e8800000, 0x00000000e8700000| Untracked 
| 136|0x00000000e8800000, 0x00000000e8900000, 0x00000000e8900000|100%| O|  |TAMS 0x00000000e8900000, 0x00000000e8800000| Untracked 
| 137|0x00000000e8900000, 0x00000000e8a00000, 0x00000000e8a00000|100%| O|  |TAMS 0x00000000e8a00000, 0x00000000e8900000| Untracked 
| 138|0x00000000e8a00000, 0x00000000e8a00000, 0x00000000e8b00000|  0%| F|  |TAMS 0x00000000e8a00000, 0x00000000e8a00000| Untracked 
| 139|0x00000000e8b00000, 0x00000000e8c00000, 0x00000000e8c00000|100%| O|  |TAMS 0x00000000e8c00000, 0x00000000e8b00000| Untracked 
| 140|0x00000000e8c00000, 0x00000000e8d00000, 0x00000000e8d00000|100%| O|  |TAMS 0x00000000e8d00000, 0x00000000e8c00000| Untracked 
| 141|0x00000000e8d00000, 0x00000000e8e00000, 0x00000000e8e00000|100%| O|  |TAMS 0x00000000e8e00000, 0x00000000e8d00000| Untracked 
| 142|0x00000000e8e00000, 0x00000000e8f00000, 0x00000000e8f00000|100%| O|  |TAMS 0x00000000e8f00000, 0x00000000e8e00000| Untracked 
| 143|0x00000000e8f00000, 0x00000000e8f00000, 0x00000000e9000000|  0%| F|  |TAMS 0x00000000e8f00000, 0x00000000e8f00000| Untracked 
| 144|0x00000000e9000000, 0x00000000e9000000, 0x00000000e9100000|  0%| F|  |TAMS 0x00000000e9000000, 0x00000000e9000000| Untracked 
| 145|0x00000000e9100000, 0x00000000e9100000, 0x00000000e9200000|  0%| F|  |TAMS 0x00000000e9100000, 0x00000000e9100000| Untracked 
| 146|0x00000000e9200000, 0x00000000e9200000, 0x00000000e9300000|  0%| F|  |TAMS 0x00000000e9200000, 0x00000000e9200000| Untracked 
| 147|0x00000000e9300000, 0x00000000e9300000, 0x00000000e9400000|  0%| F|  |TAMS 0x00000000e9300000, 0x00000000e9300000| Untracked 
| 148|0x00000000e9400000, 0x00000000e9400000, 0x00000000e9500000|  0%| F|  |TAMS 0x00000000e9400000, 0x00000000e9400000| Untracked 
| 149|0x00000000e9500000, 0x00000000e9600000, 0x00000000e9600000|100%| O|  |TAMS 0x00000000e9600000, 0x00000000e9500000| Untracked 
| 150|0x00000000e9600000, 0x00000000e9700000, 0x00000000e9700000|100%| O|  |TAMS 0x00000000e9700000, 0x00000000e9600000| Untracked 
| 151|0x00000000e9700000, 0x00000000e9800000, 0x00000000e9800000|100%| O|  |TAMS 0x00000000e9800000, 0x00000000e9700000| Untracked 
| 152|0x00000000e9800000, 0x00000000e9800000, 0x00000000e9900000|  0%| F|  |TAMS 0x00000000e9800000, 0x00000000e9800000| Untracked 
| 153|0x00000000e9900000, 0x00000000e9a00000, 0x00000000e9a00000|100%| O|  |TAMS 0x00000000e9a00000, 0x00000000e9900000| Untracked 
| 154|0x00000000e9a00000, 0x00000000e9b00000, 0x00000000e9b00000|100%| O|  |TAMS 0x00000000e9b00000, 0x00000000e9a00000| Untracked 
| 155|0x00000000e9b00000, 0x00000000e9c00000, 0x00000000e9c00000|100%| O|  |TAMS 0x00000000e9c00000, 0x00000000e9b00000| Untracked 
| 156|0x00000000e9c00000, 0x00000000e9d00000, 0x00000000e9d00000|100%| O|  |TAMS 0x00000000e9d00000, 0x00000000e9c00000| Untracked 
| 157|0x00000000e9d00000, 0x00000000e9e00000, 0x00000000e9e00000|100%| O|  |TAMS 0x00000000e9e00000, 0x00000000e9d00000| Untracked 
| 158|0x00000000e9e00000, 0x00000000e9f00000, 0x00000000e9f00000|100%| O|  |TAMS 0x00000000e9f00000, 0x00000000e9e00000| Untracked 
| 159|0x00000000e9f00000, 0x00000000ea000000, 0x00000000ea000000|100%| O|  |TAMS 0x00000000ea000000, 0x00000000e9f00000| Untracked 
| 160|0x00000000ea000000, 0x00000000ea100000, 0x00000000ea100000|100%| O|  |TAMS 0x00000000ea100000, 0x00000000ea000000| Untracked 
| 161|0x00000000ea100000, 0x00000000ea200000, 0x00000000ea200000|100%| O|  |TAMS 0x00000000ea200000, 0x00000000ea100000| Untracked 
| 162|0x00000000ea200000, 0x00000000ea300000, 0x00000000ea300000|100%| O|  |TAMS 0x00000000ea300000, 0x00000000ea200000| Untracked 
| 163|0x00000000ea300000, 0x00000000ea400000, 0x00000000ea400000|100%| O|  |TAMS 0x00000000ea400000, 0x00000000ea300000| Untracked 
| 164|0x00000000ea400000, 0x00000000ea500000, 0x00000000ea500000|100%| O|  |TAMS 0x00000000ea500000, 0x00000000ea400000| Untracked 
| 165|0x00000000ea500000, 0x00000000ea600000, 0x00000000ea600000|100%| O|  |TAMS 0x00000000ea600000, 0x00000000ea500000| Untracked 
| 166|0x00000000ea600000, 0x00000000ea700000, 0x00000000ea700000|100%| O|  |TAMS 0x00000000ea700000, 0x00000000ea600000| Untracked 
| 167|0x00000000ea700000, 0x00000000ea800000, 0x00000000ea800000|100%| O|  |TAMS 0x00000000ea800000, 0x00000000ea700000| Untracked 
| 168|0x00000000ea800000, 0x00000000ea900000, 0x00000000ea900000|100%| O|  |TAMS 0x00000000ea900000, 0x00000000ea800000| Untracked 
| 169|0x00000000ea900000, 0x00000000eaa00000, 0x00000000eaa00000|100%| O|  |TAMS 0x00000000eaa00000, 0x00000000ea900000| Untracked 
| 170|0x00000000eaa00000, 0x00000000eaac9800, 0x00000000eab00000| 78%| O|  |TAMS 0x00000000eaac9800, 0x00000000eaa00000| Untracked 
| 171|0x00000000eab00000, 0x00000000eab00000, 0x00000000eac00000|  0%| F|  |TAMS 0x00000000eab00000, 0x00000000eab00000| Untracked 
| 172|0x00000000eac00000, 0x00000000eac00000, 0x00000000ead00000|  0%| F|  |TAMS 0x00000000eac00000, 0x00000000eac00000| Untracked 
| 173|0x00000000ead00000, 0x00000000ead00000, 0x00000000eae00000|  0%| F|  |TAMS 0x00000000ead00000, 0x00000000ead00000| Untracked 
| 174|0x00000000eae00000, 0x00000000eae00000, 0x00000000eaf00000|  0%| F|  |TAMS 0x00000000eae00000, 0x00000000eae00000| Untracked 
| 175|0x00000000eaf00000, 0x00000000eaf00000, 0x00000000eb000000|  0%| F|  |TAMS 0x00000000eaf00000, 0x00000000eaf00000| Untracked 
| 176|0x00000000eb000000, 0x00000000eb000000, 0x00000000eb100000|  0%| F|  |TAMS 0x00000000eb000000, 0x00000000eb000000| Untracked 
| 177|0x00000000eb100000, 0x00000000eb100000, 0x00000000eb200000|  0%| F|  |TAMS 0x00000000eb100000, 0x00000000eb100000| Untracked 
| 178|0x00000000eb200000, 0x00000000eb200000, 0x00000000eb300000|  0%| F|  |TAMS 0x00000000eb200000, 0x00000000eb200000| Untracked 
| 179|0x00000000eb300000, 0x00000000eb300000, 0x00000000eb400000|  0%| F|  |TAMS 0x00000000eb300000, 0x00000000eb300000| Untracked 
| 180|0x00000000eb400000, 0x00000000eb4f9b08, 0x00000000eb500000| 97%| S|CS|TAMS 0x00000000eb400000, 0x00000000eb400000| Complete 
| 181|0x00000000eb500000, 0x00000000eb600000, 0x00000000eb600000|100%| S|CS|TAMS 0x00000000eb500000, 0x00000000eb500000| Complete 
| 182|0x00000000eb600000, 0x00000000eb700000, 0x00000000eb700000|100%| S|CS|TAMS 0x00000000eb600000, 0x00000000eb600000| Complete 
| 183|0x00000000eb700000, 0x00000000eb800000, 0x00000000eb800000|100%| S|CS|TAMS 0x00000000eb700000, 0x00000000eb700000| Complete 
| 184|0x00000000eb800000, 0x00000000eb900000, 0x00000000eb900000|100%| S|CS|TAMS 0x00000000eb800000, 0x00000000eb800000| Complete 
| 185|0x00000000eb900000, 0x00000000eba00000, 0x00000000eba00000|100%| S|CS|TAMS 0x00000000eb900000, 0x00000000eb900000| Complete 
| 186|0x00000000eba00000, 0x00000000eba00000, 0x00000000ebb00000|  0%| F|  |TAMS 0x00000000eba00000, 0x00000000eba00000| Untracked 
| 187|0x00000000ebb00000, 0x00000000ebb00000, 0x00000000ebc00000|  0%| F|  |TAMS 0x00000000ebb00000, 0x00000000ebb00000| Untracked 
| 188|0x00000000ebc00000, 0x00000000ebc00000, 0x00000000ebd00000|  0%| F|  |TAMS 0x00000000ebc00000, 0x00000000ebc00000| Untracked 
| 189|0x00000000ebd00000, 0x00000000ebd00000, 0x00000000ebe00000|  0%| F|  |TAMS 0x00000000ebd00000, 0x00000000ebd00000| Untracked 
| 190|0x00000000ebe00000, 0x00000000ebe00000, 0x00000000ebf00000|  0%| F|  |TAMS 0x00000000ebe00000, 0x00000000ebe00000| Untracked 
| 191|0x00000000ebf00000, 0x00000000ebf00000, 0x00000000ec000000|  0%| F|  |TAMS 0x00000000ebf00000, 0x00000000ebf00000| Untracked 
| 192|0x00000000ec000000, 0x00000000ec000000, 0x00000000ec100000|  0%| F|  |TAMS 0x00000000ec000000, 0x00000000ec000000| Untracked 
| 193|0x00000000ec100000, 0x00000000ec100000, 0x00000000ec200000|  0%| F|  |TAMS 0x00000000ec100000, 0x00000000ec100000| Untracked 
| 194|0x00000000ec200000, 0x00000000ec200000, 0x00000000ec300000|  0%| F|  |TAMS 0x00000000ec200000, 0x00000000ec200000| Untracked 
| 195|0x00000000ec300000, 0x00000000ec300000, 0x00000000ec400000|  0%| F|  |TAMS 0x00000000ec300000, 0x00000000ec300000| Untracked 
| 196|0x00000000ec400000, 0x00000000ec400000, 0x00000000ec500000|  0%| F|  |TAMS 0x00000000ec400000, 0x00000000ec400000| Untracked 
| 197|0x00000000ec500000, 0x00000000ec500000, 0x00000000ec600000|  0%| F|  |TAMS 0x00000000ec500000, 0x00000000ec500000| Untracked 
| 198|0x00000000ec600000, 0x00000000ec600000, 0x00000000ec700000|  0%| F|  |TAMS 0x00000000ec600000, 0x00000000ec600000| Untracked 
| 199|0x00000000ec700000, 0x00000000ec700000, 0x00000000ec800000|  0%| F|  |TAMS 0x00000000ec700000, 0x00000000ec700000| Untracked 
| 200|0x00000000ec800000, 0x00000000ec800000, 0x00000000ec900000|  0%| F|  |TAMS 0x00000000ec800000, 0x00000000ec800000| Untracked 
| 201|0x00000000ec900000, 0x00000000ec900000, 0x00000000eca00000|  0%| F|  |TAMS 0x00000000ec900000, 0x00000000ec900000| Untracked 
| 202|0x00000000eca00000, 0x00000000eca00000, 0x00000000ecb00000|  0%| F|  |TAMS 0x00000000eca00000, 0x00000000eca00000| Untracked 
| 203|0x00000000ecb00000, 0x00000000ecb00000, 0x00000000ecc00000|  0%| F|  |TAMS 0x00000000ecb00000, 0x00000000ecb00000| Untracked 
| 204|0x00000000ecc00000, 0x00000000ecc00000, 0x00000000ecd00000|  0%| F|  |TAMS 0x00000000ecc00000, 0x00000000ecc00000| Untracked 
| 205|0x00000000ecd00000, 0x00000000ecd00000, 0x00000000ece00000|  0%| F|  |TAMS 0x00000000ecd00000, 0x00000000ecd00000| Untracked 
| 206|0x00000000ece00000, 0x00000000ece00000, 0x00000000ecf00000|  0%| F|  |TAMS 0x00000000ece00000, 0x00000000ece00000| Untracked 
| 207|0x00000000ecf00000, 0x00000000ecf00000, 0x00000000ed000000|  0%| F|  |TAMS 0x00000000ecf00000, 0x00000000ecf00000| Untracked 
| 208|0x00000000ed000000, 0x00000000ed000000, 0x00000000ed100000|  0%| F|  |TAMS 0x00000000ed000000, 0x00000000ed000000| Untracked 
| 209|0x00000000ed100000, 0x00000000ed100000, 0x00000000ed200000|  0%| F|  |TAMS 0x00000000ed100000, 0x00000000ed100000| Untracked 
| 210|0x00000000ed200000, 0x00000000ed2bf260, 0x00000000ed300000| 74%| E|  |TAMS 0x00000000ed200000, 0x00000000ed200000| Complete 
| 211|0x00000000ed300000, 0x00000000ed400000, 0x00000000ed400000|100%| E|CS|TAMS 0x00000000ed300000, 0x00000000ed300000| Complete 
| 212|0x00000000ed400000, 0x00000000ed500000, 0x00000000ed500000|100%| E|CS|TAMS 0x00000000ed400000, 0x00000000ed400000| Complete 
| 213|0x00000000ed500000, 0x00000000ed600000, 0x00000000ed600000|100%| E|CS|TAMS 0x00000000ed500000, 0x00000000ed500000| Complete 
| 214|0x00000000ed600000, 0x00000000ed700000, 0x00000000ed700000|100%| E|CS|TAMS 0x00000000ed600000, 0x00000000ed600000| Complete 
| 215|0x00000000ed700000, 0x00000000ed800000, 0x00000000ed800000|100%| E|CS|TAMS 0x00000000ed700000, 0x00000000ed700000| Complete 
| 216|0x00000000ed800000, 0x00000000ed900000, 0x00000000ed900000|100%| E|CS|TAMS 0x00000000ed800000, 0x00000000ed800000| Complete 
| 217|0x00000000ed900000, 0x00000000eda00000, 0x00000000eda00000|100%| E|CS|TAMS 0x00000000ed900000, 0x00000000ed900000| Complete 
| 218|0x00000000eda00000, 0x00000000edb00000, 0x00000000edb00000|100%| E|CS|TAMS 0x00000000eda00000, 0x00000000eda00000| Complete 
| 219|0x00000000edb00000, 0x00000000edc00000, 0x00000000edc00000|100%| E|CS|TAMS 0x00000000edb00000, 0x00000000edb00000| Complete 
| 220|0x00000000edc00000, 0x00000000edd00000, 0x00000000edd00000|100%| E|CS|TAMS 0x00000000edc00000, 0x00000000edc00000| Complete 
| 221|0x00000000edd00000, 0x00000000ede00000, 0x00000000ede00000|100%| E|CS|TAMS 0x00000000edd00000, 0x00000000edd00000| Complete 
| 222|0x00000000ede00000, 0x00000000edf00000, 0x00000000edf00000|100%| E|CS|TAMS 0x00000000ede00000, 0x00000000ede00000| Complete 
| 223|0x00000000edf00000, 0x00000000ee000000, 0x00000000ee000000|100%| E|CS|TAMS 0x00000000edf00000, 0x00000000edf00000| Complete 
| 224|0x00000000ee000000, 0x00000000ee100000, 0x00000000ee100000|100%| E|CS|TAMS 0x00000000ee000000, 0x00000000ee000000| Complete 
| 225|0x00000000ee100000, 0x00000000ee200000, 0x00000000ee200000|100%| E|CS|TAMS 0x00000000ee100000, 0x00000000ee100000| Complete 
| 226|0x00000000ee200000, 0x00000000ee300000, 0x00000000ee300000|100%| E|CS|TAMS 0x00000000ee200000, 0x00000000ee200000| Complete 
| 227|0x00000000ee300000, 0x00000000ee400000, 0x00000000ee400000|100%| E|CS|TAMS 0x00000000ee300000, 0x00000000ee300000| Complete 
| 228|0x00000000ee400000, 0x00000000ee500000, 0x00000000ee500000|100%| E|CS|TAMS 0x00000000ee400000, 0x00000000ee400000| Complete 
| 229|0x00000000ee500000, 0x00000000ee600000, 0x00000000ee600000|100%| E|CS|TAMS 0x00000000ee500000, 0x00000000ee500000| Complete 
| 230|0x00000000ee600000, 0x00000000ee700000, 0x00000000ee700000|100%| E|CS|TAMS 0x00000000ee600000, 0x00000000ee600000| Complete 
| 231|0x00000000ee700000, 0x00000000ee800000, 0x00000000ee800000|100%| E|CS|TAMS 0x00000000ee700000, 0x00000000ee700000| Complete 
| 232|0x00000000ee800000, 0x00000000ee900000, 0x00000000ee900000|100%| E|CS|TAMS 0x00000000ee800000, 0x00000000ee800000| Complete 
| 233|0x00000000ee900000, 0x00000000eea00000, 0x00000000eea00000|100%| E|CS|TAMS 0x00000000ee900000, 0x00000000ee900000| Complete 
| 234|0x00000000eea00000, 0x00000000eeb00000, 0x00000000eeb00000|100%| E|CS|TAMS 0x00000000eea00000, 0x00000000eea00000| Complete 
| 235|0x00000000eeb00000, 0x00000000eec00000, 0x00000000eec00000|100%| E|CS|TAMS 0x00000000eeb00000, 0x00000000eeb00000| Complete 
| 236|0x00000000eec00000, 0x00000000eed00000, 0x00000000eed00000|100%| E|CS|TAMS 0x00000000eec00000, 0x00000000eec00000| Complete 
| 237|0x00000000eed00000, 0x00000000eee00000, 0x00000000eee00000|100%| E|CS|TAMS 0x00000000eed00000, 0x00000000eed00000| Complete 
| 238|0x00000000eee00000, 0x00000000eef00000, 0x00000000eef00000|100%| E|CS|TAMS 0x00000000eee00000, 0x00000000eee00000| Complete 
| 239|0x00000000eef00000, 0x00000000ef000000, 0x00000000ef000000|100%| E|CS|TAMS 0x00000000eef00000, 0x00000000eef00000| Complete 
| 240|0x00000000ef000000, 0x00000000ef100000, 0x00000000ef100000|100%| E|CS|TAMS 0x00000000ef000000, 0x00000000ef000000| Complete 
| 241|0x00000000ef100000, 0x00000000ef200000, 0x00000000ef200000|100%| E|CS|TAMS 0x00000000ef100000, 0x00000000ef100000| Complete 
| 242|0x00000000ef200000, 0x00000000ef300000, 0x00000000ef300000|100%| E|CS|TAMS 0x00000000ef200000, 0x00000000ef200000| Complete 
| 243|0x00000000ef300000, 0x00000000ef400000, 0x00000000ef400000|100%| E|CS|TAMS 0x00000000ef300000, 0x00000000ef300000| Complete 
| 244|0x00000000ef400000, 0x00000000ef500000, 0x00000000ef500000|100%| E|CS|TAMS 0x00000000ef400000, 0x00000000ef400000| Complete 
| 245|0x00000000ef500000, 0x00000000ef600000, 0x00000000ef600000|100%| E|CS|TAMS 0x00000000ef500000, 0x00000000ef500000| Complete 
| 246|0x00000000ef600000, 0x00000000ef700000, 0x00000000ef700000|100%| E|CS|TAMS 0x00000000ef600000, 0x00000000ef600000| Complete 
| 247|0x00000000ef700000, 0x00000000ef800000, 0x00000000ef800000|100%| E|CS|TAMS 0x00000000ef700000, 0x00000000ef700000| Complete 
| 248|0x00000000ef800000, 0x00000000ef900000, 0x00000000ef900000|100%| E|CS|TAMS 0x00000000ef800000, 0x00000000ef800000| Complete 
| 249|0x00000000ef900000, 0x00000000efa00000, 0x00000000efa00000|100%| E|CS|TAMS 0x00000000ef900000, 0x00000000ef900000| Complete 
| 250|0x00000000efa00000, 0x00000000efb00000, 0x00000000efb00000|100%| E|CS|TAMS 0x00000000efa00000, 0x00000000efa00000| Complete 
| 251|0x00000000efb00000, 0x00000000efc00000, 0x00000000efc00000|100%| E|CS|TAMS 0x00000000efb00000, 0x00000000efb00000| Complete 
| 252|0x00000000efc00000, 0x00000000efd00000, 0x00000000efd00000|100%| E|CS|TAMS 0x00000000efc00000, 0x00000000efc00000| Complete 
| 253|0x00000000efd00000, 0x00000000efe00000, 0x00000000efe00000|100%| E|CS|TAMS 0x00000000efd00000, 0x00000000efd00000| Complete 
| 254|0x00000000efe00000, 0x00000000eff00000, 0x00000000eff00000|100%| E|CS|TAMS 0x00000000efe00000, 0x00000000efe00000| Complete 
| 255|0x00000000eff00000, 0x00000000f0000000, 0x00000000f0000000|100%| E|CS|TAMS 0x00000000eff00000, 0x00000000eff00000| Complete 
| 256|0x00000000f0000000, 0x00000000f0100000, 0x00000000f0100000|100%| E|CS|TAMS 0x00000000f0000000, 0x00000000f0000000| Complete 
| 257|0x00000000f0100000, 0x00000000f0200000, 0x00000000f0200000|100%| E|CS|TAMS 0x00000000f0100000, 0x00000000f0100000| Complete 
| 258|0x00000000f0200000, 0x00000000f0300000, 0x00000000f0300000|100%| E|CS|TAMS 0x00000000f0200000, 0x00000000f0200000| Complete 
| 259|0x00000000f0300000, 0x00000000f0400000, 0x00000000f0400000|100%| E|CS|TAMS 0x00000000f0300000, 0x00000000f0300000| Complete 
| 260|0x00000000f0400000, 0x00000000f0500000, 0x00000000f0500000|100%| E|CS|TAMS 0x00000000f0400000, 0x00000000f0400000| Complete 
| 261|0x00000000f0500000, 0x00000000f0600000, 0x00000000f0600000|100%| E|CS|TAMS 0x00000000f0500000, 0x00000000f0500000| Complete 
| 262|0x00000000f0600000, 0x00000000f0700000, 0x00000000f0700000|100%| E|CS|TAMS 0x00000000f0600000, 0x00000000f0600000| Complete 
| 263|0x00000000f0700000, 0x00000000f0800000, 0x00000000f0800000|100%| E|CS|TAMS 0x00000000f0700000, 0x00000000f0700000| Complete 
| 264|0x00000000f0800000, 0x00000000f0900000, 0x00000000f0900000|100%| E|CS|TAMS 0x00000000f0800000, 0x00000000f0800000| Complete 
| 265|0x00000000f0900000, 0x00000000f0a00000, 0x00000000f0a00000|100%| E|CS|TAMS 0x00000000f0900000, 0x00000000f0900000| Complete 
| 266|0x00000000f0a00000, 0x00000000f0b00000, 0x00000000f0b00000|100%| E|CS|TAMS 0x00000000f0a00000, 0x00000000f0a00000| Complete 
| 267|0x00000000f0b00000, 0x00000000f0c00000, 0x00000000f0c00000|100%| E|CS|TAMS 0x00000000f0b00000, 0x00000000f0b00000| Complete 
| 268|0x00000000f0c00000, 0x00000000f0d00000, 0x00000000f0d00000|100%| E|CS|TAMS 0x00000000f0c00000, 0x00000000f0c00000| Complete 
| 269|0x00000000f0d00000, 0x00000000f0e00000, 0x00000000f0e00000|100%| E|CS|TAMS 0x00000000f0d00000, 0x00000000f0d00000| Complete 
| 270|0x00000000f0e00000, 0x00000000f0f00000, 0x00000000f0f00000|100%| E|CS|TAMS 0x00000000f0e00000, 0x00000000f0e00000| Complete 
| 271|0x00000000f0f00000, 0x00000000f1000000, 0x00000000f1000000|100%| E|CS|TAMS 0x00000000f0f00000, 0x00000000f0f00000| Complete 
| 272|0x00000000f1000000, 0x00000000f1100000, 0x00000000f1100000|100%| E|CS|TAMS 0x00000000f1000000, 0x00000000f1000000| Complete 
| 273|0x00000000f1100000, 0x00000000f1200000, 0x00000000f1200000|100%| E|CS|TAMS 0x00000000f1100000, 0x00000000f1100000| Complete 
| 274|0x00000000f1200000, 0x00000000f1300000, 0x00000000f1300000|100%| E|CS|TAMS 0x00000000f1200000, 0x00000000f1200000| Complete 
| 275|0x00000000f1300000, 0x00000000f1400000, 0x00000000f1400000|100%| E|CS|TAMS 0x00000000f1300000, 0x00000000f1300000| Complete 
| 276|0x00000000f1400000, 0x00000000f1500000, 0x00000000f1500000|100%| E|CS|TAMS 0x00000000f1400000, 0x00000000f1400000| Complete 
| 277|0x00000000f1500000, 0x00000000f1600000, 0x00000000f1600000|100%| E|CS|TAMS 0x00000000f1500000, 0x00000000f1500000| Complete 
| 278|0x00000000f1600000, 0x00000000f1700000, 0x00000000f1700000|100%| E|CS|TAMS 0x00000000f1600000, 0x00000000f1600000| Complete 
| 279|0x00000000f1700000, 0x00000000f1800000, 0x00000000f1800000|100%| E|CS|TAMS 0x00000000f1700000, 0x00000000f1700000| Complete 
| 280|0x00000000f1800000, 0x00000000f1900000, 0x00000000f1900000|100%| E|CS|TAMS 0x00000000f1800000, 0x00000000f1800000| Complete 
| 281|0x00000000f1900000, 0x00000000f1a00000, 0x00000000f1a00000|100%| E|CS|TAMS 0x00000000f1900000, 0x00000000f1900000| Complete 
| 282|0x00000000f1a00000, 0x00000000f1b00000, 0x00000000f1b00000|100%| E|CS|TAMS 0x00000000f1a00000, 0x00000000f1a00000| Complete 
| 283|0x00000000f1b00000, 0x00000000f1c00000, 0x00000000f1c00000|100%| E|CS|TAMS 0x00000000f1b00000, 0x00000000f1b00000| Complete 
| 284|0x00000000f1c00000, 0x00000000f1d00000, 0x00000000f1d00000|100%| E|CS|TAMS 0x00000000f1c00000, 0x00000000f1c00000| Complete 
| 285|0x00000000f1d00000, 0x00000000f1e00000, 0x00000000f1e00000|100%| E|CS|TAMS 0x00000000f1d00000, 0x00000000f1d00000| Complete 
| 286|0x00000000f1e00000, 0x00000000f1f00000, 0x00000000f1f00000|100%| E|CS|TAMS 0x00000000f1e00000, 0x00000000f1e00000| Complete 
| 287|0x00000000f1f00000, 0x00000000f2000000, 0x00000000f2000000|100%| E|  |TAMS 0x00000000f1f00000, 0x00000000f1f00000| Complete 
| 506|0x00000000ffa00000, 0x00000000ffb00000, 0x00000000ffb00000|100%| E|CS|TAMS 0x00000000ffa00000, 0x00000000ffa00000| Complete 
| 507|0x00000000ffb00000, 0x00000000ffc00000, 0x00000000ffc00000|100%| O|  |TAMS 0x00000000ffc00000, 0x00000000ffb00000| Untracked 
| 508|0x00000000ffc00000, 0x00000000ffd00000, 0x00000000ffd00000|100%| E|CS|TAMS 0x00000000ffc00000, 0x00000000ffc00000| Complete 
| 509|0x00000000ffd00000, 0x00000000ffe00000, 0x00000000ffe00000|100%| E|CS|TAMS 0x00000000ffd00000, 0x00000000ffd00000| Complete 
| 510|0x00000000ffe00000, 0x00000000fff00000, 0x00000000fff00000|100%| O|  |TAMS 0x00000000fff00000, 0x00000000ffe00000| Untracked 
| 511|0x00000000fff00000, 0x0000000100000000, 0x0000000100000000|100%| O|  |TAMS 0x0000000100000000, 0x00000000fff00000| Untracked 

Card table byte_map: [0x00000206cac10000,0x00000206cad10000] _byte_map_base: 0x00000206ca510000

Marking Bits (Prev, Next): (CMBitMap*) 0x00000206b36d2c40, (CMBitMap*) 0x00000206b36d2c00
 Prev Bits: [0x00000206cb610000, 0x00000206cbe10000)
 Next Bits: [0x00000206cae10000, 0x00000206cb610000)

Polling page: 0x00000206b1500000

Metaspace:

Usage:
  Non-class:     74.61 MB capacity,    73.72 MB ( 99%) used,   799.69 KB (  1%) free+waste,   112.81 KB ( <1%) overhead. 
      Class:     10.85 MB capacity,    10.53 MB ( 97%) used,   284.63 KB (  3%) free+waste,    43.75 KB ( <1%) overhead. 
       Both:     85.47 MB capacity,    84.25 MB ( 99%) used,     1.06 MB (  1%) free+waste,   156.56 KB ( <1%) overhead. 

Virtual space:
  Non-class space:       76.00 MB reserved,      75.33 MB (>99%) committed 
      Class space:      248.00 MB reserved,      11.13 MB (  4%) committed 
             Both:      324.00 MB reserved,      86.45 MB ( 27%) committed 

Chunk freelists:
   Non-Class:  669.00 KB
       Class:  213.00 KB
        Both:  882.00 KB

MaxMetaspaceSize: 256.00 MB
CompressedClassSpaceSize: 248.00 MB

CodeHeap 'non-profiled nmethods': size=120000Kb used=9724Kb max_used=10502Kb free=110275Kb
 bounds [0x00000206c36e0000, 0x00000206c4140000, 0x00000206cac10000]
CodeHeap 'profiled nmethods': size=120000Kb used=25349Kb max_used=26566Kb free=94650Kb
 bounds [0x00000206bc1b0000, 0x00000206bdbc0000, 0x00000206c36e0000]
CodeHeap 'non-nmethods': size=5760Kb used=2422Kb max_used=2491Kb free=3337Kb
 bounds [0x00000206bbc10000, 0x00000206bbe80000, 0x00000206bc1b0000]
 total_blobs=13628 nmethods=12710 adapters=829
 compilation: enabled
              stopped_count=0, restarted_count=0
 full_count=0

Compilation events (20 events):
Event: 4867.114 Thread 0x00000206ce3f8d40 15523       2       java.util.Collections$EmptySet::toArray (5 bytes)
Event: 4867.114 Thread 0x00000206ce3f8d40 nmethod 15523 0x00000206bc6c0790 code [0x00000206bc6c0920, 0x00000206bc6c0ab8]
Event: 4867.116 Thread 0x00000206ce3f8d40 15524       1       org.gradle.api.internal.tasks.compile.incremental.compilerapi.deps.DependentsSet$DefaultDependentsSet::isDependencyToAll (2 bytes)
Event: 4867.116 Thread 0x00000206ce3f8d40 nmethod 15524 0x00000206c38a7e10 code [0x00000206c38a7fa0, 0x00000206c38a8058]
Event: 4867.199 Thread 0x00000206ce3f8d40 15525       2       jdk.internal.misc.VM::addFinalRefCount (24 bytes)
Event: 4867.200 Thread 0x00000206ce3f8d40 nmethod 15525 0x00000206bcb30510 code [0x00000206bcb306a0, 0x00000206bcb307b8]
Event: 4867.213 Thread 0x00000206ce3f4ca0 nmethod 15383 0x00000206c4121a90 code [0x00000206c41222a0, 0x00000206c412d9e8]
Event: 4867.213 Thread 0x00000206ce3f4ca0 15427       4       org.objectweb.asm.ClassReader::readMethod (1066 bytes)
Event: 4867.243 Thread 0x00000206ce3f8d40 15526       2       org.objectweb.asm.ClassReader::readCode (5109 bytes)
Event: 4867.255 Thread 0x00000206ce3f8d40 nmethod 15526 0x00000206bda04290 code [0x00000206bda04f40, 0x00000206bda0ca08]
Event: 4867.349 Thread 0x00000206ce3f8d40 15530 %     3       org.objectweb.asm.ClassReader::readCode @ 1561 (5109 bytes)
Event: 4867.367 Thread 0x00000206ce3f8d40 nmethod 15530% 0x00000206bda95390 code [0x00000206bda96960, 0x00000206bdaa9188]
Event: 4867.396 Thread 0x00000206ce3f8d40 15532 %     3       org.objectweb.asm.ClassReader::readCode @ 92 (5109 bytes)
Event: 4867.415 Thread 0x00000206ce3f8d40 nmethod 15532% 0x00000206bdba1910 code [0x00000206bdba2f00, 0x00000206bdbb5628]
Event: 4867.415 Thread 0x00000206ce3f8d40 15533       2       org.gradle.api.internal.tasks.compile.incremental.asm.ClassDependenciesVisitor$MethodVisitor::visitParameterAnnotation (31 bytes)
Event: 4867.415 Thread 0x00000206ce3f8d40 nmethod 15533 0x00000206bc826e10 code [0x00000206bc826fe0, 0x00000206bc8272e8]
Event: 4867.423 Thread 0x00000206ce3f8d40 15535       3       org.objectweb.asm.ClassReader::readCode (5109 bytes)
Event: 4867.440 Thread 0x00000206ce3f8d40 nmethod 15535 0x00000206bda37f90 code [0x00000206bda39500, 0x00000206bda4af88]
Event: 4867.441 Thread 0x00000206ce3f8d40 15536       2       org.objectweb.asm.ClassVisitor::visitOuterClass (18 bytes)
Event: 4867.441 Thread 0x00000206ce3f8d40 nmethod 15536 0x00000206bc4d2890 code [0x00000206bc4d2a20, 0x00000206bc4d2b48]

GC Heap History (20 events):
Event: 2343.130 GC heap before
{Heap before GC invocations=23 (full 0):
 garbage-first heap   total 278528K, used 238030K [0x00000000e0000000, 0x0000000100000000)
  region size 1024K, 84 young (86016K), 1 survivors (1024K)
 Metaspace       used 75602K, capacity 76716K, committed 77648K, reserved 323584K
  class space    used 9456K, capacity 9721K, committed 9984K, reserved 253952K
}
Event: 2343.136 GC heap after
{Heap after GC invocations=24 (full 0):
 garbage-first heap   total 278528K, used 157523K [0x00000000e0000000, 0x0000000100000000)
  region size 1024K, 5 young (5120K), 5 survivors (5120K)
 Metaspace       used 75602K, capacity 76716K, committed 77648K, reserved 323584K
  class space    used 9456K, capacity 9721K, committed 9984K, reserved 253952K
}
Event: 4855.568 GC heap before
{Heap before GC invocations=24 (full 0):
 garbage-first heap   total 278528K, used 237395K [0x00000000e0000000, 0x0000000100000000)
  region size 1024K, 84 young (86016K), 5 survivors (5120K)
 Metaspace       used 76622K, capacity 77952K, committed 78416K, reserved 323584K
  class space    used 9587K, capacity 9902K, committed 9984K, reserved 253952K
}
Event: 4855.699 GC heap after
{Heap after GC invocations=25 (full 0):
 garbage-first heap   total 278528K, used 161509K [0x00000000e0000000, 0x0000000100000000)
  region size 1024K, 8 young (8192K), 8 survivors (8192K)
 Metaspace       used 76622K, capacity 77952K, committed 78416K, reserved 323584K
  class space    used 9587K, capacity 9902K, committed 9984K, reserved 253952K
}
Event: 4855.807 GC heap before
{Heap before GC invocations=25 (full 0):
 garbage-first heap   total 278528K, used 180965K [0x00000000e0000000, 0x0000000100000000)
  region size 1024K, 27 young (27648K), 8 survivors (8192K)
 Metaspace       used 76670K, capacity 78066K, committed 78544K, reserved 323584K
  class space    used 9595K, capacity 9939K, committed 10112K, reserved 253952K
}
Event: 4855.922 GC heap after
{Heap after GC invocations=26 (full 0):
 garbage-first heap   total 278528K, used 162319K [0x00000000e0000000, 0x0000000100000000)
  region size 1024K, 2 young (2048K), 2 survivors (2048K)
 Metaspace       used 76670K, capacity 78066K, committed 78544K, reserved 323584K
  class space    used 9595K, capacity 9939K, committed 10112K, reserved 253952K
}
Event: 4862.789 GC heap before
{Heap before GC invocations=27 (full 0):
 garbage-first heap   total 278528K, used 237071K [0x00000000e0000000, 0x0000000100000000)
  region size 1024K, 76 young (77824K), 2 survivors (2048K)
 Metaspace       used 86009K, capacity 87452K, committed 88016K, reserved 331776K
  class space    used 10821K, capacity 11214K, committed 11392K, reserved 253952K
}
Event: 4862.796 GC heap after
{Heap after GC invocations=28 (full 0):
 garbage-first heap   total 278528K, used 165687K [0x00000000e0000000, 0x0000000100000000)
  region size 1024K, 5 young (5120K), 5 survivors (5120K)
 Metaspace       used 86009K, capacity 87452K, committed 88016K, reserved 331776K
  class space    used 10821K, capacity 11214K, committed 11392K, reserved 253952K
}
Event: 4863.086 GC heap before
{Heap before GC invocations=28 (full 0):
 garbage-first heap   total 278528K, used 238391K [0x00000000e0000000, 0x0000000100000000)
  region size 1024K, 76 young (77824K), 5 survivors (5120K)
 Metaspace       used 86015K, capacity 87452K, committed 88016K, reserved 331776K
  class space    used 10821K, capacity 11214K, committed 11392K, reserved 253952K
}
Event: 4863.090 GC heap after
{Heap after GC invocations=29 (full 0):
 garbage-first heap   total 278528K, used 165429K [0x00000000e0000000, 0x0000000100000000)
  region size 1024K, 5 young (5120K), 5 survivors (5120K)
 Metaspace       used 86015K, capacity 87452K, committed 88016K, reserved 331776K
  class space    used 10821K, capacity 11214K, committed 11392K, reserved 253952K
}
Event: 4863.567 GC heap before
{Heap before GC invocations=30 (full 0):
 garbage-first heap   total 296960K, used 239157K [0x00000000e0000000, 0x0000000100000000)
  region size 1024K, 77 young (78848K), 5 survivors (5120K)
 Metaspace       used 85686K, capacity 86938K, committed 88016K, reserved 331776K
  class space    used 10754K, capacity 11096K, committed 11392K, reserved 253952K
}
Event: 4863.572 GC heap after
{Heap after GC invocations=31 (full 0):
 garbage-first heap   total 296960K, used 165665K [0x00000000e0000000, 0x0000000100000000)
  region size 1024K, 5 young (5120K), 5 survivors (5120K)
 Metaspace       used 85686K, capacity 86938K, committed 88016K, reserved 331776K
  class space    used 10754K, capacity 11096K, committed 11392K, reserved 253952K
}
Event: 4863.604 GC heap before
{Heap before GC invocations=31 (full 0):
 garbage-first heap   total 296960K, used 174881K [0x00000000e0000000, 0x0000000100000000)
  region size 1024K, 14 young (14336K), 5 survivors (5120K)
 Metaspace       used 85686K, capacity 86938K, committed 88016K, reserved 331776K
  class space    used 10754K, capacity 11096K, committed 11392K, reserved 253952K
}
Event: 4863.937 GC heap after
{Heap after GC invocations=32 (full 0):
 garbage-first heap   total 296960K, used 156446K [0x00000000e0000000, 0x0000000100000000)
  region size 1024K, 1 young (1024K), 1 survivors (1024K)
 Metaspace       used 85686K, capacity 86938K, committed 88016K, reserved 331776K
  class space    used 10754K, capacity 11096K, committed 11392K, reserved 253952K
}
Event: 4864.374 GC heap before
{Heap before GC invocations=32 (full 0):
 garbage-first heap   total 296960K, used 256798K [0x00000000e0000000, 0x0000000100000000)
  region size 1024K, 99 young (101376K), 1 survivors (1024K)
 Metaspace       used 85686K, capacity 86938K, committed 88016K, reserved 331776K
  class space    used 10754K, capacity 11096K, committed 11392K, reserved 253952K
}
Event: 4864.375 GC heap after
{Heap after GC invocations=33 (full 0):
 garbage-first heap   total 296960K, used 155662K [0x00000000e0000000, 0x0000000100000000)
  region size 1024K, 1 young (1024K), 1 survivors (1024K)
 Metaspace       used 85686K, capacity 86938K, committed 88016K, reserved 331776K
  class space    used 10754K, capacity 11096K, committed 11392K, reserved 253952K
}
Event: 4864.757 GC heap before
{Heap before GC invocations=34 (full 0):
 garbage-first heap   total 301056K, used 257038K [0x00000000e0000000, 0x0000000100000000)
  region size 1024K, 101 young (103424K), 1 survivors (1024K)
 Metaspace       used 85662K, capacity 86901K, committed 88016K, reserved 331776K
  class space    used 10743K, capacity 11081K, committed 11392K, reserved 253952K
}
Event: 4864.759 GC heap after
{Heap after GC invocations=35 (full 0):
 garbage-first heap   total 301056K, used 155655K [0x00000000e0000000, 0x0000000100000000)
  region size 1024K, 1 young (1024K), 1 survivors (1024K)
 Metaspace       used 85662K, capacity 86901K, committed 88016K, reserved 331776K
  class space    used 10743K, capacity 11081K, committed 11392K, reserved 253952K
}
Event: 4867.120 GC heap before
{Heap before GC invocations=35 (full 0):
 garbage-first heap   total 301056K, used 262151K [0x00000000e0000000, 0x0000000100000000)
  region size 1024K, 105 young (107520K), 1 survivors (1024K)
 Metaspace       used 86269K, capacity 87518K, committed 88528K, reserved 331776K
  class space    used 10786K, capacity 11115K, committed 11392K, reserved 253952K
}
Event: 4867.195 GC heap after
{Heap after GC invocations=36 (full 0):
 garbage-first heap   total 301056K, used 161548K [0x00000000e0000000, 0x0000000100000000)
  region size 1024K, 6 young (6144K), 6 survivors (6144K)
 Metaspace       used 86269K, capacity 87518K, committed 88528K, reserved 331776K
  class space    used 10786K, capacity 11115K, committed 11392K, reserved 253952K
}

Deoptimization events (20 events):
Event: 4867.450 Thread 0x00000206d0963150 DEOPT PACKING pc=0x00000206bda48ff2 sp=0x000000265b2fd730
Event: 4867.450 Thread 0x00000206d0963150 DEOPT UNPACKING pc=0x00000206bbc5e23f sp=0x000000265b2fce60 mode 0
Event: 4867.460 Thread 0x00000206d493d570 DEOPT PACKING pc=0x00000206bda4a15f sp=0x00000026580f73f0
Event: 4867.460 Thread 0x00000206d493d570 DEOPT UNPACKING pc=0x00000206bbc5e23f sp=0x00000026580f6b20 mode 0
Event: 4867.468 Thread 0x00000206d30a6d20 DEOPT PACKING pc=0x00000206bda4a15f sp=0x000000265b1fd840
Event: 4867.468 Thread 0x00000206d30a6d20 DEOPT UNPACKING pc=0x00000206bbc5e23f sp=0x000000265b1fcf70 mode 0
Event: 4867.484 Thread 0x00000206d493d570 DEOPT PACKING pc=0x00000206bda48ff2 sp=0x00000026580f73f0
Event: 4867.484 Thread 0x00000206d493d570 DEOPT UNPACKING pc=0x00000206bbc5e23f sp=0x00000026580f6b20 mode 0
Event: 4867.493 Thread 0x00000206d30a6380 DEOPT PACKING pc=0x00000206bda48ff2 sp=0x000000265b0fd790
Event: 4867.493 Thread 0x00000206d30a6380 DEOPT UNPACKING pc=0x00000206bbc5e23f sp=0x000000265b0fcec0 mode 0
Event: 4867.502 Thread 0x00000206d30a6380 DEOPT PACKING pc=0x00000206bda48ff2 sp=0x000000265b0fd790
Event: 4867.502 Thread 0x00000206d30a6380 DEOPT UNPACKING pc=0x00000206bbc5e23f sp=0x000000265b0fcec0 mode 0
Event: 4867.513 Thread 0x00000206d493d570 DEOPT PACKING pc=0x00000206bda4a15f sp=0x00000026580f73f0
Event: 4867.513 Thread 0x00000206d493d570 DEOPT UNPACKING pc=0x00000206bbc5e23f sp=0x00000026580f6b20 mode 0
Event: 4867.519 Thread 0x00000206d493d570 DEOPT PACKING pc=0x00000206bda4966b sp=0x00000026580f73f0
Event: 4867.519 Thread 0x00000206d493d570 DEOPT UNPACKING pc=0x00000206bbc5e23f sp=0x00000026580f6b20 mode 0
Event: 4867.527 Thread 0x00000206d0963150 DEOPT PACKING pc=0x00000206bda4a15f sp=0x000000265b2fd730
Event: 4867.527 Thread 0x00000206d0963150 DEOPT UNPACKING pc=0x00000206bbc5e23f sp=0x000000265b2fce60 mode 0
Event: 4867.541 Thread 0x00000206d493d570 DEOPT PACKING pc=0x00000206bda48ff2 sp=0x00000026580f73f0
Event: 4867.541 Thread 0x00000206d493d570 DEOPT UNPACKING pc=0x00000206bbc5e23f sp=0x00000026580f6b20 mode 0

Classes unloaded (20 events):
Event: 4863.178 Thread 0x00000206ce3cb7a0 Unloading class 0x00000008014f7840 'java_lang_Object$getClass'
Event: 4863.178 Thread 0x00000206ce3cb7a0 Unloading class 0x00000008014f7040 'org/gradle/api/plugins/PluginContainer$findPlugin$0'
Event: 4863.178 Thread 0x00000206ce3cb7a0 Unloading class 0x00000008014f6840 'org/gradle/api/plugins/PluginContainer$findPlugin'
Event: 4863.178 Thread 0x00000206ce3cb7a0 Unloading class 0x00000008014f6040 'org/gradle/api/plugins/PluginAware$getPlugins'
Event: 4863.178 Thread 0x00000206ce3cb7a0 Unloading class 0x0000000801321440 'jdk/internal/reflect/GeneratedSerializationConstructorAccessor195'
Event: 4863.178 Thread 0x00000206ce3cb7a0 Unloading class 0x0000000801176840 'jdk/internal/reflect/GeneratedSerializationConstructorAccessor194'
Event: 4863.178 Thread 0x00000206ce3cb7a0 Unloading class 0x00000008011c7c40 'jdk/internal/reflect/GeneratedSerializationConstructorAccessor193'
Event: 4863.178 Thread 0x00000206ce3cb7a0 Unloading class 0x00000008014ea440 'jdk/internal/reflect/GeneratedSerializationConstructorAccessor192'
Event: 4863.178 Thread 0x00000206ce3cb7a0 Unloading class 0x00000008014fa040 'jdk/internal/reflect/GeneratedSerializationConstructorAccessor191'
Event: 4863.178 Thread 0x00000206ce3cb7a0 Unloading class 0x0000000800fc0440 'jdk/internal/reflect/GeneratedConstructorAccessor70'
Event: 4863.178 Thread 0x00000206ce3cb7a0 Unloading class 0x0000000800eaa440 'jdk/internal/reflect/GeneratedConstructorAccessor69'
Event: 4863.178 Thread 0x00000206ce3cb7a0 Unloading class 0x0000000800e36040 'jdk/internal/reflect/GeneratedConstructorAccessor68'
Event: 4864.458 Thread 0x00000206ce3cb7a0 Unloading class 0x00000008014ef040 'org/jetbrains/plugins/gradle/tooling/builder/ExternalProjectBuilderImpl$getFilters'
Event: 4864.458 Thread 0x00000206ce3cb7a0 Unloading class 0x00000008014ef840 'org/gradle/plugins/ide/idea/model/IdeaModule_Decorated$hasProperty'
Event: 4864.458 Thread 0x00000206ce3cb7a0 Unloading class 0x00000008014f2840 'org/gradle/api/plugins/jvm/JvmTestSuite$getSources'
Event: 4864.458 Thread 0x00000206ce3cb7a0 Unloading class 0x0000000800fc2040 'jdk/internal/reflect/GeneratedMethodAccessor54'
Event: 4864.458 Thread 0x00000206ce3cb7a0 Unloading class 0x00000008012ef040 'java_util_Set$isEmpty$2'
Event: 4864.458 Thread 0x00000206ce3cb7a0 Unloading class 0x00000008012ec040 'java_util_Set$containsAll$1'
Event: 4864.458 Thread 0x00000206ce3cb7a0 Unloading class 0x00000008012eb040 'java_util_Set$iterator$0'
Event: 4864.458 Thread 0x00000206ce3cb7a0 Unloading class 0x0000000801266040 'java_util_Set$addAll'

Classes redefined (0 events):
No events

Internal exceptions (20 events):
Event: 4865.944 Thread 0x00000206d493d570 Exception <a 'sun/nio/fs/WindowsException'{0x00000000ee1579d8}> (0x00000000ee1579d8) 
thrown [./src/hotspot/share/prims/jni.cpp, line 578]
Event: 4865.944 Thread 0x00000206d493d570 Exception <a 'sun/nio/fs/WindowsException'{0x00000000ee157cf8}> (0x00000000ee157cf8) 
thrown [./src/hotspot/share/prims/jni.cpp, line 578]
Event: 4865.944 Thread 0x00000206d493d570 Exception <a 'sun/nio/fs/WindowsException'{0x00000000ee160560}> (0x00000000ee160560) 
thrown [./src/hotspot/share/prims/jni.cpp, line 578]
Event: 4865.944 Thread 0x00000206d493d570 Exception <a 'sun/nio/fs/WindowsException'{0x00000000ee1608b0}> (0x00000000ee1608b0) 
thrown [./src/hotspot/share/prims/jni.cpp, line 578]
Event: 4865.947 Thread 0x00000206d493d570 Exception <a 'sun/nio/fs/WindowsException'{0x00000000ee1d4900}> (0x00000000ee1d4900) 
thrown [./src/hotspot/share/prims/jni.cpp, line 578]
Event: 4865.947 Thread 0x00000206d493d570 Exception <a 'sun/nio/fs/WindowsException'{0x00000000ee1d4c80}> (0x00000000ee1d4c80) 
thrown [./src/hotspot/share/prims/jni.cpp, line 578]
Event: 4865.992 Thread 0x00000206d493d570 Exception <a 'sun/nio/fs/WindowsException'{0x00000000ede5ef28}> (0x00000000ede5ef28) 
thrown [./src/hotspot/share/prims/jni.cpp, line 578]
Event: 4865.992 Thread 0x00000206d493d570 Exception <a 'sun/nio/fs/WindowsException'{0x00000000ede5f2b0}> (0x00000000ede5f2b0) 
thrown [./src/hotspot/share/prims/jni.cpp, line 578]
Event: 4865.994 Thread 0x00000206d493d570 Exception <a 'sun/nio/fs/WindowsException'{0x00000000ede8a680}> (0x00000000ede8a680) 
thrown [./src/hotspot/share/prims/jni.cpp, line 578]
Event: 4865.994 Thread 0x00000206d493d570 Exception <a 'sun/nio/fs/WindowsException'{0x00000000ede8aa00}> (0x00000000ede8aa00) 
thrown [./src/hotspot/share/prims/jni.cpp, line 578]
Event: 4866.005 Thread 0x00000206d493d570 Exception <a 'sun/nio/fs/WindowsException'{0x00000000edd10f90}> (0x00000000edd10f90) 
thrown [./src/hotspot/share/prims/jni.cpp, line 578]
Event: 4866.005 Thread 0x00000206d493d570 Exception <a 'sun/nio/fs/WindowsException'{0x00000000edd12428}> (0x00000000edd12428) 
thrown [./src/hotspot/share/prims/jni.cpp, line 578]
Event: 4866.005 Thread 0x00000206d493d570 Exception <a 'sun/nio/fs/WindowsException'{0x00000000edd13730}> (0x00000000edd13730) 
thrown [./src/hotspot/share/prims/jni.cpp, line 578]
Event: 4866.005 Thread 0x00000206d493d570 Exception <a 'sun/nio/fs/WindowsException'{0x00000000edd14bb8}> (0x00000000edd14bb8) 
thrown [./src/hotspot/share/prims/jni.cpp, line 578]
Event: 4866.006 Thread 0x00000206d493d570 Exception <a 'sun/nio/fs/WindowsException'{0x00000000edd14ed8}> (0x00000000edd14ed8) 
thrown [./src/hotspot/share/prims/jni.cpp, line 578]
Event: 4866.006 Thread 0x00000206d493d570 Exception <a 'sun/nio/fs/WindowsException'{0x00000000edd17610}> (0x00000000edd17610) 
thrown [./src/hotspot/share/prims/jni.cpp, line 578]
Event: 4866.006 Thread 0x00000206d493d570 Exception <a 'sun/nio/fs/WindowsException'{0x00000000edd17900}> (0x00000000edd17900) 
thrown [./src/hotspot/share/prims/jni.cpp, line 578]
Event: 4866.006 Thread 0x00000206d493d570 Exception <a 'sun/nio/fs/WindowsException'{0x00000000edd1a028}> (0x00000000edd1a028) 
thrown [./src/hotspot/share/prims/jni.cpp, line 578]
Event: 4866.009 Thread 0x00000206d493d570 Implicit null exception at 0x00000206c3907d7b to 0x00000206c390841c
Event: 4866.010 Thread 0x00000206d493d570 Implicit null exception at 0x00000206c3908bfb to 0x00000206c3909268

Events (20 events):
Event: 4867.346 Thread 0x00000206ce403750 flushing nmethod 0x00000206bdac8090
Event: 4867.346 Thread 0x00000206ce403750 flushing nmethod 0x00000206bdad3a90
Event: 4867.346 Thread 0x00000206ce403750 flushing nmethod 0x00000206bdad8f90
Event: 4867.346 Thread 0x00000206ce403750 flushing nmethod 0x00000206bdad9e90
Event: 4867.346 Thread 0x00000206ce403750 flushing nmethod 0x00000206bdae3c90
Event: 4867.346 Thread 0x00000206ce403750 flushing nmethod 0x00000206bdb07090
Event: 4867.346 Thread 0x00000206ce403750 flushing nmethod 0x00000206bdb07590
Event: 4867.346 Thread 0x00000206ce403750 flushing nmethod 0x00000206bdb0d790
Event: 4867.346 Thread 0x00000206ce403750 flushing nmethod 0x00000206bdb0f410
Event: 4867.346 Thread 0x00000206ce403750 flushing nmethod 0x00000206bdb0fe10
Event: 4867.346 Thread 0x00000206ce403750 flushing nmethod 0x00000206bdb10610
Event: 4867.346 Thread 0x00000206ce403750 flushing nmethod 0x00000206bdb11410
Event: 4867.346 Thread 0x00000206ce403750 flushing nmethod 0x00000206bdb11e90
Event: 4867.346 Thread 0x00000206ce403750 flushing nmethod 0x00000206bdb19410
Event: 4867.347 Thread 0x00000206ce403750 flushing nmethod 0x00000206bdb5e710
Event: 4867.347 Thread 0x00000206ce403750 flushing nmethod 0x00000206bdb5eb10
Event: 4867.347 Thread 0x00000206ce403750 flushing nmethod 0x00000206bdb76b90
Event: 4867.347 Thread 0x00000206ce403750 flushing nmethod 0x00000206bdb76f10
Event: 4867.383 Executing VM operation: G1Concurrent
Event: 4867.383 Executing VM operation: G1Concurrent done


Dynamic libraries:
0x00007ff690110000 - 0x00007ff69011d000 	C:\Users\JS\.jdks\azul-15.0.9\bin\java.exe
0x00007ffe58e70000 - 0x00007ffe59068000 	C:\Windows\SYSTEM32\ntdll.dll
0x00007ffe56e90000 - 0x00007ffe56f4f000 	C:\Windows\System32\KERNEL32.DLL
0x00007ffe56ad0000 - 0x00007ffe56da2000 	C:\Windows\System32\KERNELBASE.dll
0x00007ffe565d0000 - 0x00007ffe566d0000 	C:\Windows\System32\ucrtbase.dll
0x00007ffe42640000 - 0x00007ffe42655000 	C:\Users\JS\.jdks\azul-15.0.9\bin\VCRUNTIME140.dll
0x00007ffe42950000 - 0x00007ffe42968000 	C:\Users\JS\.jdks\azul-15.0.9\bin\jli.dll
0x00007ffe57b50000 - 0x00007ffe57ced000 	C:\Windows\System32\USER32.dll
0x00007ffe41e80000 - 0x00007ffe4211a000 	C:\Windows\WinSxS\amd64_microsoft.windows.common-controls_6595b64144ccf1df_6.0.19041.1110_none_60b5254171f9507e\COMCTL32.dll
0x00007ffe56e60000 - 0x00007ffe56e82000 	C:\Windows\System32\win32u.dll
0x00007ffe574d0000 - 0x00007ffe574fb000 	C:\Windows\System32\GDI32.dll
0x00007ffe57780000 - 0x00007ffe5781e000 	C:\Windows\System32\msvcrt.dll
0x00007ffe568b0000 - 0x00007ffe569bf000 	C:\Windows\System32\gdi32full.dll
0x00007ffe56a30000 - 0x00007ffe56acd000 	C:\Windows\System32\msvcp_win.dll
0x00007ffe57eb0000 - 0x00007ffe57ee2000 	C:\Windows\System32\IMM32.DLL
0x00007ffe35e30000 - 0x00007ffe35ecb000 	C:\Users\JS\.jdks\azul-15.0.9\bin\msvcp140.dll
0x00007ffe22d60000 - 0x00007ffe238fa000 	C:\Users\JS\.jdks\azul-15.0.9\bin\server\jvm.dll
0x00007ffe575a0000 - 0x00007ffe5764e000 	C:\Windows\System32\ADVAPI32.dll
0x00007ffe57500000 - 0x00007ffe5759c000 	C:\Windows\System32\sechost.dll
0x00007ffe57650000 - 0x00007ffe57775000 	C:\Windows\System32\RPCRT4.dll
0x00007ffe574a0000 - 0x00007ffe574a8000 	C:\Windows\System32\PSAPI.DLL
0x00007ffe4ec90000 - 0x00007ffe4ec99000 	C:\Windows\SYSTEM32\WSOCK32.dll
0x00007ffe50f90000 - 0x00007ffe50f9a000 	C:\Windows\SYSTEM32\VERSION.dll
0x00007ffe53870000 - 0x00007ffe53897000 	C:\Windows\SYSTEM32\WINMM.dll
0x00007ffe58cc0000 - 0x00007ffe58d2b000 	C:\Windows\System32\WS2_32.dll
0x00007ffe54420000 - 0x00007ffe54432000 	C:\Windows\SYSTEM32\kernel.appcore.dll
0x00007ffe49930000 - 0x00007ffe4993a000 	C:\Users\JS\.jdks\azul-15.0.9\bin\jimage.dll
0x00007ffe4d690000 - 0x00007ffe4d874000 	C:\Windows\SYSTEM32\DBGHELP.DLL
0x00007ffe4d640000 - 0x00007ffe4d66c000 	C:\Windows\SYSTEM32\dbgcore.DLL
0x00007ffe56540000 - 0x00007ffe565c2000 	C:\Windows\System32\bcryptPrimitives.dll
0x00007ffe42610000 - 0x00007ffe42635000 	C:\Users\JS\.jdks\azul-15.0.9\bin\java.dll
0x00007ffe57ef0000 - 0x00007ffe58633000 	C:\Windows\System32\SHELL32.dll
0x00007ffe54620000 - 0x00007ffe54db2000 	C:\Windows\SYSTEM32\windows.storage.dll
0x00007ffe58880000 - 0x00007ffe58bd4000 	C:\Windows\System32\combase.dll
0x00007ffe55fa0000 - 0x00007ffe55fd0000 	C:\Windows\SYSTEM32\Wldp.dll
0x00007ffe57a10000 - 0x00007ffe57abd000 	C:\Windows\System32\SHCORE.dll
0x00007ffe58770000 - 0x00007ffe587c5000 	C:\Windows\System32\shlwapi.dll
0x00007ffe56480000 - 0x00007ffe5649f000 	C:\Windows\SYSTEM32\profapi.dll
0x00007ffe425f0000 - 0x00007ffe42609000 	C:\Users\JS\.jdks\azul-15.0.9\bin\net.dll
0x00007ffe4f5f0000 - 0x00007ffe4f6fc000 	C:\Windows\SYSTEM32\WINHTTP.dll
0x00007ffe55d00000 - 0x00007ffe55d6a000 	C:\Windows\system32\mswsock.dll
0x00007ffe425d0000 - 0x00007ffe425e2000 	C:\Users\JS\.jdks\azul-15.0.9\bin\nio.dll
0x00007ffe3f630000 - 0x00007ffe3f648000 	C:\Users\JS\.jdks\azul-15.0.9\bin\zip.dll
0x00007ffe48980000 - 0x00007ffe48990000 	C:\Users\JS\.jdks\azul-15.0.9\bin\verify.dll
0x00007ffe495d0000 - 0x00007ffe495f7000 	C:\Users\JS\.gradle\native\e1d6ef7f7dcc3fd88c89a11ec53ec762bb8ba0a96d01ffa2cd45eb1d1d8dd5c5\windows-amd64\native-platform.dll
0x00007ffe34c50000 - 0x00007ffe34d94000 	C:\Users\JS\.gradle\native\0d407fdbe67a94daf76414ababcb853783967236a71b16ec16e742cd7a986fd3\windows-amd64\native-platform-file-events.dll
0x00007ffe4a100000 - 0x00007ffe4a109000 	C:\Users\JS\.jdks\azul-15.0.9\bin\management.dll
0x00007ffe495c0000 - 0x00007ffe495cb000 	C:\Users\JS\.jdks\azul-15.0.9\bin\management_ext.dll
0x00007ffe55ef0000 - 0x00007ffe55f08000 	C:\Windows\SYSTEM32\CRYPTSP.dll
0x00007ffe555b0000 - 0x00007ffe555e4000 	C:\Windows\system32\rsaenh.dll
0x00007ffe56830000 - 0x00007ffe56857000 	C:\Windows\System32\bcrypt.dll
0x00007ffe56400000 - 0x00007ffe5642e000 	C:\Windows\SYSTEM32\USERENV.dll
0x00007ffe55f10000 - 0x00007ffe55f1c000 	C:\Windows\SYSTEM32\CRYPTBASE.dll
0x00007ffe55980000 - 0x00007ffe559bb000 	C:\Windows\SYSTEM32\IPHLPAPI.DLL
0x00007ffe57cf0000 - 0x00007ffe57cf8000 	C:\Windows\System32\NSI.dll
0x00007ffe51030000 - 0x00007ffe51047000 	C:\Windows\SYSTEM32\dhcpcsvc6.DLL
0x00007ffe51010000 - 0x00007ffe5102d000 	C:\Windows\SYSTEM32\dhcpcsvc.DLL
0x00007ffe559c0000 - 0x00007ffe55a8a000 	C:\Windows\SYSTEM32\DNSAPI.dll
0x00007ffe53410000 - 0x00007ffe5341e000 	C:\Users\JS\.jdks\azul-15.0.9\bin\sunmscapi.dll
0x00007ffe566d0000 - 0x00007ffe56826000 	C:\Windows\System32\CRYPT32.dll
0x00007ffe56010000 - 0x00007ffe56037000 	C:\Windows\SYSTEM32\ncrypt.dll
0x00007ffe55fd0000 - 0x00007ffe5600b000 	C:\Windows\SYSTEM32\NTASN1.dll
0x00007ffe4f1e0000 - 0x00007ffe4f1ea000 	C:\Windows\System32\rasadhlp.dll
0x00007ffe4f1f0000 - 0x00007ffe4f270000 	C:\Windows\System32\fwpuclnt.dll

dbghelp: loaded successfully - version: 4.0.5 - missing functions: none
symbol engine: initialized successfully - sym options: 0x614 - pdb path: .;C:\Users\JS\.jdks\azul-15.0.9\bin;C:\Windows\SYSTEM32;C:\Windows\WinSxS\amd64_microsoft.windows.common-controls_6595b64144ccf1df_6.0.19041.1110_none_60b5254171f9507e;C:\Users\JS\.jdks\azul-15.0.9\bin\server;C:\Users\JS\.gradle\native\e1d6ef7f7dcc3fd88c89a11ec53ec762bb8ba0a96d01ffa2cd45eb1d1d8dd5c5\windows-amd64;C:\Users\JS\.gradle\native\0d407fdbe67a94daf76414ababcb853783967236a71b16ec16e742cd7a986fd3\windows-amd64

VM Arguments:
jvm_args: --add-opens=java.base/java.util=ALL-UNNAMED --add-opens=java.base/java.lang=ALL-UNNAMED --add-opens=java.base/java.lang.invoke=ALL-UNNAMED --add-opens=java.base/java.util=ALL-UNNAMED --add-opens=java.prefs/java.util.prefs=ALL-UNNAMED --add-opens=java.prefs/java.util.prefs=ALL-UNNAMED --add-opens=java.base/java.nio.charset=ALL-UNNAMED --add-opens=java.base/java.net=ALL-UNNAMED --add-opens=java.base/java.util.concurrent.atomic=ALL-UNNAMED -XX:MaxMetaspaceSize=256m -XX:+HeapDumpOnOutOfMemoryError -Xms256m -Xmx512m -Dfile.encoding=windows-1251 -Duser.country=RU -Duser.language=ru -Duser.variant 
java_command: org.gradle.launcher.daemon.bootstrap.GradleDaemon 7.4
java_class_path (initial): C:\Users\JS\.gradle\wrapper\dists\gradle-7.4-bin\c0gwcg53nkjbqw7r0h0umtfvt\gradle-7.4\lib\gradle-launcher-7.4.jar
Launcher Type: SUN_STANDARD

[Global flags]
     intx CICompilerCount                          = 3                                         {product} {ergonomic}
   size_t CompressedClassSpaceSize                 = 260046848                                 {product} {ergonomic}
     uint ConcGCThreads                            = 1                                         {product} {ergonomic}
     uint G1ConcRefinementThreads                  = 4                                         {product} {ergonomic}
   size_t G1HeapRegionSize                         = 1048576                                   {product} {ergonomic}
    uintx GCDrainStackTargetSize                   = 64                                        {product} {ergonomic}
     bool HeapDumpOnOutOfMemoryError               = true                                   {manageable} {command line}
   size_t InitialHeapSize                          = 268435456                                 {product} {command line}
   size_t MarkStackSize                            = 4194304                                   {product} {ergonomic}
   size_t MaxHeapSize                              = 536870912                                 {product} {command line}
   size_t MaxMetaspaceSize                         = 268435456                                 {product} {command line}
   size_t MaxNewSize                               = 321912832                                 {product} {ergonomic}
   size_t MinHeapDeltaBytes                        = 1048576                                   {product} {ergonomic}
   size_t MinHeapSize                              = 268435456                                 {product} {command line}
    uintx NonNMethodCodeHeapSize                   = 5832780                                {pd product} {ergonomic}
    uintx NonProfiledCodeHeapSize                  = 122912730                              {pd product} {ergonomic}
    uintx ProfiledCodeHeapSize                     = 122912730                              {pd product} {ergonomic}
    uintx ReservedCodeCacheSize                    = 251658240                              {pd product} {ergonomic}
     bool SegmentedCodeCache                       = true                                      {product} {ergonomic}
   size_t SoftMaxHeapSize                          = 536870912                              {manageable} {ergonomic}
     bool UseCompressedClassPointers               = true                                 {lp64_product} {ergonomic}
     bool UseCompressedOops                        = true                                 {lp64_product} {ergonomic}
     bool UseG1GC                                  = true                                      {product} {ergonomic}
     bool UseLargePagesIndividualAllocation        = false                                  {pd product} {ergonomic}

Logging:
Log output configuration:
 #0: stdout all=warning uptime,level,tags
 #1: stderr all=off uptime,level,tags

Environment Variables:
PATH=C:\Program Files (x86)\Common Files\Oracle\Java\javapath;C:\Windows\system32;C:\Windows;C:\Windows\System32\Wbem;C:\Windows\System32\WindowsPowerShell\v1.0\;C:\Windows\System32\OpenSSH\;C:\Program Files (x86)\dotnet\;C:\Program Files\Git\cmd;C:\Users\JS\AppData\Local\Microsoft\WindowsApps;
USERNAME=JS
OS=Windows_NT
PROCESSOR_IDENTIFIER=Intel64 Family 6 Model 60 Stepping 3, GenuineIntel



---------------  S Y S T E M  ---------------

OS:
 Windows 10 , 64 bit Build 19041 (10.0.19041.2251)
OS uptime: 6 days 11:35 hours

CPU: total 4 (initial active 4) (4 cores per cpu, 1 threads per core) family 6 model 60 stepping 3 microcode 0x27, cmov, cx8, fxsr, mmx, sse, sse2, sse3, ssse3, sse4.1, sse4.2, popcnt, vzeroupper, avx, avx2, aes, clmul, erms, lzcnt, tsc, tscinvbit, bmi1, bmi2, fma, clflush

Memory: 4k page, system-wide physical 6088M (755M free)
TotalPageFile size 10466M (AvailPageFile size 1672M)
current process WorkingSet (physical memory assigned to process): 453M, peak: 463M
current process commit charge ("private bytes"): 627M, peak: 635M

vm_info: OpenJDK 64-Bit Server VM (15.0.9+5-MTS) for windows-amd64 JRE (15.0.9+5-MTS) (Zulu15.44+13-CA), built on Oct  7 2022 09:58:48 by "zulu_re" with MS VC++ 15.9 (VS2017)

END.
